TN:
SF:src/main.js
FN:10,(anonymous_0)
FN:19,(anonymous_1)
FN:107,(anonymous_2)
FN:114,(anonymous_3)
FN:124,(anonymous_4)
FN:131,(anonymous_5)
FN:141,(anonymous_6)
FN:152,(anonymous_7)
FN:162,createWindow
FN:196,(anonymous_9)
FN:198,(anonymous_10)
FN:203,(anonymous_11)
FN:215,(anonymous_12)
FN:227,(anonymous_13)
FN:239,(anonymous_14)
FN:245,(anonymous_15)
FN:251,createSettingsWindow
FN:283,(anonymous_17)
FN:288,createMenu
FN:296,(anonymous_19)
FN:302,(anonymous_20)
FN:312,(anonymous_21)
FN:317,(anonymous_22)
FN:322,(anonymous_23)
FN:331,(anonymous_24)
FN:338,(anonymous_25)
FN:362,(anonymous_26)
FN:378,(anonymous_27)
FN:384,(anonymous_28)
FN:387,(anonymous_29)
FN:402,(anonymous_30)
FN:408,(anonymous_31)
FN:413,(anonymous_32)
FN:421,(anonymous_33)
FN:445,(anonymous_34)
FN:455,(anonymous_35)
FN:465,(anonymous_36)
FN:470,(anonymous_37)
FN:475,(anonymous_38)
FN:486,(anonymous_39)
FN:491,(anonymous_40)
FN:503,(anonymous_41)
FN:520,validateDownloadUrl
FN:561,(anonymous_43)
FN:596,(anonymous_44)
FN:622,(anonymous_45)
FN:632,(anonymous_46)
FN:665,(anonymous_47)
FN:669,(anonymous_48)
FN:670,(anonymous_49)
FN:714,(anonymous_50)
FN:762,(anonymous_51)
FN:770,(anonymous_52)
FN:778,(anonymous_53)
FN:797,(anonymous_54)
FN:814,(anonymous_55)
FN:823,(anonymous_56)
FN:823,(anonymous_57)
FN:826,(anonymous_58)
FN:834,(anonymous_59)
FN:839,(anonymous_60)
FN:916,(anonymous_61)
FN:930,(anonymous_62)
FN:947,(anonymous_63)
FN:958,(anonymous_64)
FN:974,(anonymous_65)
FN:984,(anonymous_66)
FN:1000,extractZipFile
FN:1016,(anonymous_68)
FN:1031,(anonymous_69)
FN:1072,(anonymous_70)
FN:1094,checkGitAvailable
FN:1095,(anonymous_72)
FN:1097,(anonymous_73)
FN:1100,(anonymous_74)
FN:1107,installAddonWithGit
FN:1119,(anonymous_76)
FN:1122,(anonymous_77)
FN:1126,(anonymous_78)
FN:1130,(anonymous_79)
FN:1138,(anonymous_80)
FN:1151,(anonymous_81)
FN:1183,(anonymous_82)
FN:1225,installAddonWithArchive
FN:1260,(anonymous_84)
FN:1289,(anonymous_85)
FN:1304,(anonymous_86)
FN:1327,(anonymous_87)
FN:1396,(anonymous_88)
FN:1469,(anonymous_89)
FN:1493,(anonymous_90)
FN:1532,(anonymous_91)
FN:1600,(anonymous_92)
FN:1625,(anonymous_93)
FN:1665,(anonymous_94)
FN:1682,(anonymous_95)
FN:1694,(anonymous_96)
FN:1718,(anonymous_97)
FN:1722,(anonymous_98)
FN:1726,(anonymous_99)
FN:1730,(anonymous_100)
FN:1734,(anonymous_101)
FN:1743,(anonymous_102)
FN:1748,(anonymous_103)
FN:1750,(anonymous_104)
FN:1759,(anonymous_105)
FN:1764,(anonymous_106)
FN:1766,(anonymous_107)
FN:1779,loadSettingsFromFile
FN:1797,(anonymous_109)
FNF:110
FNH:0
FNDA:0,(anonymous_0)
FNDA:0,(anonymous_1)
FNDA:0,(anonymous_2)
FNDA:0,(anonymous_3)
FNDA:0,(anonymous_4)
FNDA:0,(anonymous_5)
FNDA:0,(anonymous_6)
FNDA:0,(anonymous_7)
FNDA:0,createWindow
FNDA:0,(anonymous_9)
FNDA:0,(anonymous_10)
FNDA:0,(anonymous_11)
FNDA:0,(anonymous_12)
FNDA:0,(anonymous_13)
FNDA:0,(anonymous_14)
FNDA:0,(anonymous_15)
FNDA:0,createSettingsWindow
FNDA:0,(anonymous_17)
FNDA:0,createMenu
FNDA:0,(anonymous_19)
FNDA:0,(anonymous_20)
FNDA:0,(anonymous_21)
FNDA:0,(anonymous_22)
FNDA:0,(anonymous_23)
FNDA:0,(anonymous_24)
FNDA:0,(anonymous_25)
FNDA:0,(anonymous_26)
FNDA:0,(anonymous_27)
FNDA:0,(anonymous_28)
FNDA:0,(anonymous_29)
FNDA:0,(anonymous_30)
FNDA:0,(anonymous_31)
FNDA:0,(anonymous_32)
FNDA:0,(anonymous_33)
FNDA:0,(anonymous_34)
FNDA:0,(anonymous_35)
FNDA:0,(anonymous_36)
FNDA:0,(anonymous_37)
FNDA:0,(anonymous_38)
FNDA:0,(anonymous_39)
FNDA:0,(anonymous_40)
FNDA:0,(anonymous_41)
FNDA:0,validateDownloadUrl
FNDA:0,(anonymous_43)
FNDA:0,(anonymous_44)
FNDA:0,(anonymous_45)
FNDA:0,(anonymous_46)
FNDA:0,(anonymous_47)
FNDA:0,(anonymous_48)
FNDA:0,(anonymous_49)
FNDA:0,(anonymous_50)
FNDA:0,(anonymous_51)
FNDA:0,(anonymous_52)
FNDA:0,(anonymous_53)
FNDA:0,(anonymous_54)
FNDA:0,(anonymous_55)
FNDA:0,(anonymous_56)
FNDA:0,(anonymous_57)
FNDA:0,(anonymous_58)
FNDA:0,(anonymous_59)
FNDA:0,(anonymous_60)
FNDA:0,(anonymous_61)
FNDA:0,(anonymous_62)
FNDA:0,(anonymous_63)
FNDA:0,(anonymous_64)
FNDA:0,(anonymous_65)
FNDA:0,(anonymous_66)
FNDA:0,extractZipFile
FNDA:0,(anonymous_68)
FNDA:0,(anonymous_69)
FNDA:0,(anonymous_70)
FNDA:0,checkGitAvailable
FNDA:0,(anonymous_72)
FNDA:0,(anonymous_73)
FNDA:0,(anonymous_74)
FNDA:0,installAddonWithGit
FNDA:0,(anonymous_76)
FNDA:0,(anonymous_77)
FNDA:0,(anonymous_78)
FNDA:0,(anonymous_79)
FNDA:0,(anonymous_80)
FNDA:0,(anonymous_81)
FNDA:0,(anonymous_82)
FNDA:0,installAddonWithArchive
FNDA:0,(anonymous_84)
FNDA:0,(anonymous_85)
FNDA:0,(anonymous_86)
FNDA:0,(anonymous_87)
FNDA:0,(anonymous_88)
FNDA:0,(anonymous_89)
FNDA:0,(anonymous_90)
FNDA:0,(anonymous_91)
FNDA:0,(anonymous_92)
FNDA:0,(anonymous_93)
FNDA:0,(anonymous_94)
FNDA:0,(anonymous_95)
FNDA:0,(anonymous_96)
FNDA:0,(anonymous_97)
FNDA:0,(anonymous_98)
FNDA:0,(anonymous_99)
FNDA:0,(anonymous_100)
FNDA:0,(anonymous_101)
FNDA:0,(anonymous_102)
FNDA:0,(anonymous_103)
FNDA:0,(anonymous_104)
FNDA:0,(anonymous_105)
FNDA:0,(anonymous_106)
FNDA:0,(anonymous_107)
FNDA:0,loadSettingsFromFile
FNDA:0,(anonymous_109)
DA:1,0
DA:2,0
DA:3,0
DA:4,0
DA:5,0
DA:6,0
DA:7,0
DA:10,0
DA:12,0
DA:13,0
DA:15,0
DA:19,0
DA:20,0
DA:24,0
DA:26,0
DA:27,0
DA:30,0
DA:31,0
DA:32,0
DA:33,0
DA:34,0
DA:35,0
DA:38,0
DA:40,0
DA:44,0
DA:45,0
DA:52,0
DA:53,0
DA:54,0
DA:55,0
DA:56,0
DA:57,0
DA:58,0
DA:62,0
DA:63,0
DA:64,0
DA:71,0
DA:83,0
DA:84,0
DA:85,0
DA:86,0
DA:88,0
DA:98,0
DA:107,0
DA:108,0
DA:109,0
DA:110,0
DA:114,0
DA:115,0
DA:116,0
DA:117,0
DA:124,0
DA:125,0
DA:126,0
DA:127,0
DA:131,0
DA:132,0
DA:133,0
DA:134,0
DA:141,0
DA:142,0
DA:143,0
DA:152,0
DA:153,0
DA:154,0
DA:155,0
DA:163,0
DA:166,0
DA:193,0
DA:196,0
DA:197,0
DA:199,0
DA:203,0
DA:204,0
DA:205,0
DA:208,0
DA:209,0
DA:210,0
DA:215,0
DA:216,0
DA:217,0
DA:220,0
DA:221,0
DA:227,0
DA:228,0
DA:229,0
DA:232,0
DA:233,0
DA:239,0
DA:240,0
DA:241,0
DA:245,0
DA:246,0
DA:247,0
DA:252,0
DA:253,0
DA:254,0
DA:257,0
DA:277,0
DA:279,0
DA:280,0
DA:283,0
DA:284,0
DA:289,0
DA:296,0
DA:302,0
DA:312,0
DA:317,0
DA:322,0
DA:332,0
DA:339,0
DA:351,0
DA:354,0
DA:355,0
DA:357,0
DA:362,0
DA:363,0
DA:365,0
DA:366,0
DA:370,0
DA:371,0
DA:372,0
DA:374,0
DA:375,0
DA:378,0
DA:379,0
DA:381,0
DA:384,0
DA:386,0
DA:389,0
DA:390,0
DA:396,0
DA:397,0
DA:399,0
DA:402,0
DA:404,0
DA:405,0
DA:409,0
DA:410,0
DA:413,0
DA:415,0
DA:416,0
DA:421,0
DA:422,0
DA:423,0
DA:424,0
DA:427,0
DA:436,0
DA:437,0
DA:439,0
DA:440,0
DA:445,0
DA:446,0
DA:447,0
DA:448,0
DA:450,0
DA:451,0
DA:455,0
DA:456,0
DA:457,0
DA:458,0
DA:460,0
DA:461,0
DA:465,0
DA:466,0
DA:470,0
DA:471,0
DA:472,0
DA:475,0
DA:476,0
DA:477,0
DA:478,0
DA:479,0
DA:481,0
DA:486,0
DA:487,0
DA:488,0
DA:491,0
DA:492,0
DA:497,0
DA:498,0
DA:500,0
DA:503,0
DA:504,0
DA:505,0
DA:507,0
DA:521,0
DA:522,0
DA:530,0
DA:531,0
DA:533,0
DA:541,0
DA:544,0
DA:547,0
DA:553,0
DA:554,0
DA:561,0
DA:562,0
DA:563,0
DA:566,0
DA:569,0
DA:570,0
DA:571,0
DA:574,0
DA:575,0
DA:576,0
DA:577,0
DA:578,0
DA:579,0
DA:582,0
DA:584,0
DA:586,0
DA:589,0
DA:596,0
DA:602,0
DA:608,0
DA:609,0
DA:611,0
DA:612,0
DA:615,0
DA:616,0
DA:618,0
DA:619,0
DA:622,0
DA:623,0
DA:624,0
DA:625,0
DA:626,0
DA:632,0
DA:633,0
DA:634,0
DA:635,0
DA:636,0
DA:637,0
DA:640,0
DA:641,0
DA:642,0
DA:643,0
DA:644,0
DA:646,0
DA:653,0
DA:656,0
DA:657,0
DA:658,0
DA:665,0
DA:666,0
DA:668,0
DA:669,0
DA:670,0
DA:671,0
DA:672,0
DA:674,0
DA:679,0
DA:680,0
DA:683,0
DA:691,0
DA:695,0
DA:698,0
DA:699,0
DA:701,0
DA:702,0
DA:703,0
DA:706,0
DA:707,0
DA:708,0
DA:714,0
DA:715,0
DA:716,0
DA:719,0
DA:720,0
DA:721,0
DA:723,0
DA:727,0
DA:728,0
DA:736,0
DA:741,0
DA:742,0
DA:744,0
DA:746,0
DA:747,0
DA:748,0
DA:749,0
DA:750,0
DA:751,0
DA:752,0
DA:753,0
DA:755,0
DA:758,0
DA:762,0
DA:763,0
DA:764,0
DA:765,0
DA:767,0
DA:770,0
DA:771,0
DA:772,0
DA:773,0
DA:775,0
DA:778,0
DA:779,0
DA:780,0
DA:781,0
DA:783,0
DA:784,0
DA:787,0
DA:788,0
DA:791,0
DA:793,0
DA:797,0
DA:798,0
DA:800,0
DA:804,0
DA:807,0
DA:811,0
DA:814,0
DA:815,0
DA:818,0
DA:819,0
DA:821,0
DA:823,0
DA:826,0
DA:828,0
DA:829,0
DA:830,0
DA:833,0
DA:834,0
DA:836,0
DA:837,0
DA:839,0
DA:843,0
DA:849,0
DA:850,0
DA:851,0
DA:857,0
DA:859,0
DA:863,0
DA:864,0
DA:865,0
DA:868,0
DA:870,0
DA:874,0
DA:875,0
DA:876,0
DA:879,0
DA:881,0
DA:884,0
DA:886,0
DA:907,0
DA:908,0
DA:916,0
DA:917,0
DA:918,0
DA:919,0
DA:922,0
DA:923,0
DA:924,0
DA:926,0
DA:930,0
DA:931,0
DA:932,0
DA:934,0
DA:935,0
DA:936,0
DA:937,0
DA:940,0
DA:942,0
DA:947,0
DA:948,0
DA:949,0
DA:952,0
DA:953,0
DA:957,0
DA:958,0
DA:959,0
DA:960,0
DA:961,0
DA:962,0
DA:967,0
DA:969,0
DA:974,0
DA:975,0
DA:976,0
DA:977,0
DA:978,0
DA:980,0
DA:984,0
DA:985,0
DA:986,0
DA:988,0
DA:989,0
DA:992,0
DA:994,0
DA:995,0
DA:1002,0
DA:1004,0
DA:1007,0
DA:1008,0
DA:1009,0
DA:1010,0
DA:1013,0
DA:1016,0
DA:1017,0
DA:1021,0
DA:1022,0
DA:1023,0
DA:1025,0
DA:1026,0
DA:1028,0
DA:1030,0
DA:1031,0
DA:1032,0
DA:1036,0
DA:1037,0
DA:1040,0
DA:1041,0
DA:1042,0
DA:1043,0
DA:1047,0
DA:1048,0
DA:1050,0
DA:1054,0
DA:1060,0
DA:1061,0
DA:1062,0
DA:1064,0
DA:1067,0
DA:1072,0
DA:1073,0
DA:1074,0
DA:1075,0
DA:1078,0
DA:1080,0
DA:1081,0
DA:1082,0
DA:1084,0
DA:1085,0
DA:1088,0
DA:1089,0
DA:1095,0
DA:1096,0
DA:1097,0
DA:1098,0
DA:1100,0
DA:1101,0
DA:1108,0
DA:1109,0
DA:1112,0
DA:1113,0
DA:1116,0
DA:1119,0
DA:1120,0
DA:1122,0
DA:1123,0
DA:1126,0
DA:1127,0
DA:1130,0
DA:1131,0
DA:1132,0
DA:1134,0
DA:1138,0
DA:1139,0
DA:1144,0
DA:1145,0
DA:1146,0
DA:1150,0
DA:1151,0
DA:1153,0
DA:1155,0
DA:1156,0
DA:1158,0
DA:1159,0
DA:1162,0
DA:1165,0
DA:1166,0
DA:1173,0
DA:1174,0
DA:1177,0
DA:1178,0
DA:1179,0
DA:1180,0
DA:1181,0
DA:1182,0
DA:1183,0
DA:1184,0
DA:1185,0
DA:1190,0
DA:1192,0
DA:1193,0
DA:1194,0
DA:1196,0
DA:1197,0
DA:1200,0
DA:1203,0
DA:1204,0
DA:1211,0
DA:1215,0
DA:1217,0
DA:1219,0
DA:1226,0
DA:1228,0
DA:1229,0
DA:1230,0
DA:1231,0
DA:1232,0
DA:1234,0
DA:1238,0
DA:1239,0
DA:1240,0
DA:1241,0
DA:1243,0
DA:1244,0
DA:1245,0
DA:1246,0
DA:1248,0
DA:1250,0
DA:1257,0
DA:1258,0
DA:1260,0
DA:1261,0
DA:1262,0
DA:1265,0
DA:1266,0
DA:1267,0
DA:1269,0
DA:1270,0
DA:1271,0
DA:1273,0
DA:1277,0
DA:1278,0
DA:1282,0
DA:1283,0
DA:1286,0
DA:1287,0
DA:1289,0
DA:1290,0
DA:1293,0
DA:1294,0
DA:1297,0
DA:1300,0
DA:1301,0
DA:1304,0
DA:1306,0
DA:1308,0
DA:1309,0
DA:1312,0
DA:1313,0
DA:1317,0
DA:1318,0
DA:1321,0
DA:1322,0
DA:1323,0
DA:1324,0
DA:1325,0
DA:1327,0
DA:1328,0
DA:1329,0
DA:1334,0
DA:1336,0
DA:1337,0
DA:1338,0
DA:1341,0
DA:1342,0
DA:1346,0
DA:1347,0
DA:1351,0
DA:1356,0
DA:1357,0
DA:1360,0
DA:1363,0
DA:1364,0
DA:1367,0
DA:1369,0
DA:1370,0
DA:1371,0
DA:1372,0
DA:1374,0
DA:1375,0
DA:1378,0
DA:1379,0
DA:1388,0
DA:1390,0
DA:1391,0
DA:1396,0
DA:1397,0
DA:1398,0
DA:1400,0
DA:1401,0
DA:1403,0
DA:1405,0
DA:1407,0
DA:1408,0
DA:1411,0
DA:1413,0
DA:1414,0
DA:1418,0
DA:1419,0
DA:1422,0
DA:1423,0
DA:1425,0
DA:1426,0
DA:1430,0
DA:1431,0
DA:1440,0
DA:1449,0
DA:1450,0
DA:1461,0
DA:1463,0
DA:1464,0
DA:1469,0
DA:1470,0
DA:1471,0
DA:1474,0
DA:1475,0
DA:1478,0
DA:1481,0
DA:1482,0
DA:1484,0
DA:1490,0
DA:1491,0
DA:1493,0
DA:1494,0
DA:1495,0
DA:1499,0
DA:1500,0
DA:1502,0
DA:1503,0
DA:1504,0
DA:1507,0
DA:1508,0
DA:1509,0
DA:1512,0
DA:1513,0
DA:1514,0
DA:1515,0
DA:1519,0
DA:1520,0
DA:1523,0
DA:1524,0
DA:1526,0
DA:1527,0
DA:1528,0
DA:1530,0
DA:1531,0
DA:1532,0
DA:1534,0
DA:1535,0
DA:1540,0
DA:1542,0
DA:1543,0
DA:1544,0
DA:1547,0
DA:1548,0
DA:1552,0
DA:1555,0
DA:1556,0
DA:1559,0
DA:1560,0
DA:1563,0
DA:1564,0
DA:1565,0
DA:1569,0
DA:1571,0
DA:1572,0
DA:1575,0
DA:1577,0
DA:1578,0
DA:1580,0
DA:1581,0
DA:1584,0
DA:1585,0
DA:1586,0
DA:1590,0
DA:1591,0
DA:1593,0
DA:1595,0
DA:1596,0
DA:1600,0
DA:1601,0
DA:1602,0
DA:1604,0
DA:1605,0
DA:1608,0
DA:1609,0
DA:1611,0
DA:1612,0
DA:1613,0
DA:1615,0
DA:1616,0
DA:1625,0
DA:1627,0
DA:1628,0
DA:1629,0
DA:1630,0
DA:1631,0
DA:1632,0
DA:1634,0
DA:1635,0
DA:1636,0
DA:1643,0
DA:1644,0
DA:1645,0
DA:1646,0
DA:1647,0
DA:1653,0
DA:1657,0
DA:1660,0
DA:1661,0
DA:1665,0
DA:1666,0
DA:1667,0
DA:1669,0
DA:1670,0
DA:1671,0
DA:1673,0
DA:1677,0
DA:1678,0
DA:1682,0
DA:1683,0
DA:1685,0
DA:1687,0
DA:1690,0
DA:1694,0
DA:1697,0
DA:1698,0
DA:1701,0
DA:1702,0
DA:1703,0
DA:1704,0
DA:1706,0
DA:1708,0
DA:1713,0
DA:1718,0
DA:1719,0
DA:1722,0
DA:1723,0
DA:1726,0
DA:1727,0
DA:1730,0
DA:1731,0
DA:1734,0
DA:1735,0
DA:1736,0
DA:1737,0
DA:1739,0
DA:1743,0
DA:1744,0
DA:1748,0
DA:1749,0
DA:1750,0
DA:1751,0
DA:1753,0
DA:1755,0
DA:1759,0
DA:1760,0
DA:1764,0
DA:1765,0
DA:1766,0
DA:1767,0
DA:1768,0
DA:1771,0
DA:1773,0
DA:1774,0
DA:1780,0
DA:1781,0
DA:1782,0
DA:1783,0
DA:1785,0
DA:1787,0
DA:1792,0
DA:1794,0
DA:1795,0
DA:1797,0
DA:1799,0
DA:1800,0
DA:1801,0
LF:775
LH:0
BRDA:12,0,0,0
BRDA:12,0,1,0
BRDA:38,1,0,0
BRDA:38,1,1,0
BRDA:54,2,0,0
BRDA:54,2,1,0
BRDA:62,3,0,0
BRDA:62,3,1,0
BRDA:89,4,0,0
BRDA:89,4,1,0
BRDA:90,5,0,0
BRDA:90,5,1,0
BRDA:92,6,0,0
BRDA:92,6,1,0
BRDA:93,7,0,0
BRDA:93,7,1,0
BRDA:94,8,0,0
BRDA:94,8,1,0
BRDA:95,9,0,0
BRDA:95,9,1,0
BRDA:109,10,0,0
BRDA:109,10,1,0
BRDA:116,11,0,0
BRDA:116,11,1,0
BRDA:126,12,0,0
BRDA:126,12,1,0
BRDA:133,13,0,0
BRDA:133,13,1,0
BRDA:142,14,0,0
BRDA:142,14,1,0
BRDA:154,15,0,0
BRDA:154,15,1,0
BRDA:188,16,0,0
BRDA:188,16,1,0
BRDA:208,17,0,0
BRDA:208,17,1,0
BRDA:220,18,0,0
BRDA:220,18,1,0
BRDA:232,19,0,0
BRDA:232,19,1,0
BRDA:252,20,0,0
BRDA:252,20,1,0
BRDA:279,21,0,0
BRDA:279,21,1,0
BRDA:301,22,0,0
BRDA:301,22,1,0
BRDA:321,23,0,0
BRDA:321,23,1,0
BRDA:354,24,0,0
BRDA:354,24,1,0
BRDA:365,25,0,0
BRDA:365,25,1,0
BRDA:379,26,0,0
BRDA:379,26,1,0
BRDA:379,27,0,0
BRDA:379,27,1,0
BRDA:389,28,0,0
BRDA:389,28,1,0
BRDA:404,29,0,0
BRDA:404,29,1,0
BRDA:415,30,0,0
BRDA:415,30,1,0
BRDA:423,31,0,0
BRDA:423,31,1,0
BRDA:472,32,0,0
BRDA:472,32,1,0
BRDA:477,33,0,0
BRDA:477,33,1,0
BRDA:478,34,0,0
BRDA:478,34,1,0
BRDA:488,35,0,0
BRDA:488,35,1,0
BRDA:497,36,0,0
BRDA:497,36,1,0
BRDA:497,37,0,0
BRDA:497,37,1,0
BRDA:530,38,0,0
BRDA:530,38,1,0
BRDA:541,39,0,0
BRDA:541,39,1,0
BRDA:541,40,0,0
BRDA:541,40,1,0
BRDA:541,40,2,0
BRDA:549,41,0,0
BRDA:549,41,1,0
BRDA:562,42,0,0
BRDA:562,42,1,0
BRDA:570,43,0,0
BRDA:570,43,1,0
BRDA:596,44,0,0
BRDA:596,44,1,0
BRDA:608,45,0,0
BRDA:608,45,1,0
BRDA:611,46,0,0
BRDA:611,46,1,0
BRDA:625,47,0,0
BRDA:625,47,1,0
BRDA:633,48,0,0
BRDA:633,48,1,0
BRDA:633,49,0,0
BRDA:633,49,1,0
BRDA:641,50,0,0
BRDA:641,50,1,0
BRDA:642,51,0,0
BRDA:642,51,1,0
BRDA:644,52,0,0
BRDA:644,52,1,0
BRDA:671,53,0,0
BRDA:671,53,1,0
BRDA:679,54,0,0
BRDA:679,54,1,0
BRDA:679,55,0,0
BRDA:679,55,1,0
BRDA:684,56,0,0
BRDA:684,56,1,0
BRDA:685,57,0,0
BRDA:685,57,1,0
BRDA:719,58,0,0
BRDA:719,58,1,0
BRDA:727,59,0,0
BRDA:727,59,1,0
BRDA:728,60,0,0
BRDA:728,60,1,0
BRDA:730,61,0,0
BRDA:730,61,1,0
BRDA:732,62,0,0
BRDA:732,62,1,0
BRDA:746,63,0,0
BRDA:746,63,1,0
BRDA:748,64,0,0
BRDA:748,64,1,0
BRDA:750,65,0,0
BRDA:750,65,1,0
BRDA:752,66,0,0
BRDA:752,66,1,0
BRDA:763,67,0,0
BRDA:763,67,1,0
BRDA:763,68,0,0
BRDA:763,68,1,0
BRDA:771,69,0,0
BRDA:771,69,1,0
BRDA:771,70,0,0
BRDA:771,70,1,0
BRDA:779,71,0,0
BRDA:779,71,1,0
BRDA:783,72,0,0
BRDA:783,72,1,0
BRDA:787,73,0,0
BRDA:787,73,1,0
BRDA:815,74,0,0
BRDA:815,74,1,0
BRDA:821,75,0,0
BRDA:821,75,1,0
BRDA:836,76,0,0
BRDA:836,76,1,0
BRDA:884,77,0,0
BRDA:884,77,1,0
BRDA:910,78,0,0
BRDA:910,78,1,0
BRDA:934,79,0,0
BRDA:934,79,1,0
BRDA:937,80,0,0
BRDA:937,80,1,0
BRDA:952,81,0,0
BRDA:952,81,1,0
BRDA:952,82,0,0
BRDA:952,82,1,0
BRDA:957,83,0,0
BRDA:957,83,1,0
BRDA:960,84,0,0
BRDA:960,84,1,0
BRDA:960,85,0,0
BRDA:960,85,1,0
BRDA:988,86,0,0
BRDA:988,86,1,0
BRDA:1017,87,0,0
BRDA:1017,87,1,0
BRDA:1021,88,0,0
BRDA:1021,88,1,0
BRDA:1028,89,0,0
BRDA:1028,89,1,0
BRDA:1036,90,0,0
BRDA:1036,90,1,0
BRDA:1060,91,0,0
BRDA:1060,91,1,0
BRDA:1080,92,0,0
BRDA:1080,92,1,0
BRDA:1112,93,0,0
BRDA:1112,93,1,0
BRDA:1131,94,0,0
BRDA:1131,94,1,0
BRDA:1145,95,0,0
BRDA:1145,95,1,0
BRDA:1153,96,0,0
BRDA:1153,96,1,0
BRDA:1158,97,0,0
BRDA:1158,97,1,0
BRDA:1181,98,0,0
BRDA:1181,98,1,0
BRDA:1181,99,0,0
BRDA:1181,99,1,0
BRDA:1184,100,0,0
BRDA:1184,100,1,0
BRDA:1190,101,0,0
BRDA:1190,101,1,0
BRDA:1196,102,0,0
BRDA:1196,102,1,0
BRDA:1231,103,0,0
BRDA:1231,103,1,0
BRDA:1270,104,0,0
BRDA:1270,104,1,0
BRDA:1277,105,0,0
BRDA:1277,105,1,0
BRDA:1290,106,0,0
BRDA:1290,106,1,0
BRDA:1293,107,0,0
BRDA:1293,107,1,0
BRDA:1306,108,0,0
BRDA:1306,108,1,0
BRDA:1312,109,0,0
BRDA:1312,109,1,0
BRDA:1325,110,0,0
BRDA:1325,110,1,0
BRDA:1328,111,0,0
BRDA:1328,111,1,0
BRDA:1334,112,0,0
BRDA:1334,112,1,0
BRDA:1341,113,0,0
BRDA:1341,113,1,0
BRDA:1360,114,0,0
BRDA:1360,114,1,0
BRDA:1401,115,0,0
BRDA:1401,115,1,0
BRDA:1425,116,0,0
BRDA:1425,116,1,0
BRDA:1430,117,0,0
BRDA:1430,117,1,0
BRDA:1430,118,0,0
BRDA:1430,118,1,0
BRDA:1508,119,0,0
BRDA:1508,119,1,0
BRDA:1514,120,0,0
BRDA:1514,120,1,0
BRDA:1530,121,0,0
BRDA:1530,121,1,0
BRDA:1534,122,0,0
BRDA:1534,122,1,0
BRDA:1540,123,0,0
BRDA:1540,123,1,0
BRDA:1547,124,0,0
BRDA:1547,124,1,0
BRDA:1571,125,0,0
BRDA:1571,125,1,0
BRDA:1604,126,0,0
BRDA:1604,126,1,0
BRDA:1615,127,0,0
BRDA:1615,127,1,0
BRDA:1627,128,0,0
BRDA:1627,128,1,0
BRDA:1634,129,0,0
BRDA:1634,129,1,0
BRDA:1635,130,0,0
BRDA:1635,130,1,0
BRDA:1636,131,0,0
BRDA:1636,131,1,0
BRDA:1644,132,0,0
BRDA:1644,132,1,0
BRDA:1669,133,0,0
BRDA:1669,133,1,0
BRDA:1701,134,0,0
BRDA:1701,134,1,0
BRDA:1701,135,0,0
BRDA:1701,135,1,0
BRDA:1703,136,0,0
BRDA:1703,136,1,0
BRDA:1767,137,0,0
BRDA:1767,137,1,0
BRDA:1782,138,0,0
BRDA:1782,138,1,0
BRDA:1794,139,0,0
BRDA:1794,139,1,0
BRDA:1799,140,0,0
BRDA:1799,140,1,0
BRDA:1800,141,0,0
BRDA:1800,141,1,0
BRF:285
BRH:0
end_of_record
TN:
SF:src/options.js
FN:2,(anonymous_0)
FN:6,(anonymous_1)
FN:24,(anonymous_2)
FN:29,(anonymous_3)
FN:38,(anonymous_4)
FN:41,(anonymous_5)
FN:43,(anonymous_6)
FN:45,(anonymous_7)
FN:130,initializeOptions
FN:141,initializeWithData
FN:175,setupEventListeners
FN:179,(anonymous_11)
FN:180,(anonymous_12)
FN:200,(anonymous_13)
FN:211,(anonymous_14)
FN:220,(anonymous_15)
FN:244,switchTab
FN:247,(anonymous_17)
FN:254,(anonymous_18)
FN:262,browseForInstallPath
FN:287,checkInstallation
FN:313,testRealmConnection
FN:344,installAddonFromGitHub
FN:393,saveOptions
FN:412,(anonymous_24)
FN:427,resetToDefaults
FN:441,populateForm
FN:508,updatePlatformInfo
FN:536,proxyElectronAPICall
FN:537,(anonymous_29)
FN:542,(anonymous_30)
FN:563,(anonymous_31)
FN:579,checkWineStatus
FN:621,updateInstallationStatus
FN:632,updateConnectionStatus
FN:643,showStatusMessage
FN:649,loadInstalledAddons
FN:693,(anonymous_37)
FN:727,uninstallAddon
FN:756,(anonymous_39)
FN:781,checkForUpdates
FN:834,setButtonLoading
FN:852,setButtonFeedback
FN:874,(anonymous_43)
FN:885,showToast
FN:889,setButtonState
FN:898,showInfo
FN:903,showError
FN:908,(anonymous_48)
FN:920,(anonymous_49)
FNF:50
FNH:0
FNDA:0,(anonymous_0)
FNDA:0,(anonymous_1)
FNDA:0,(anonymous_2)
FNDA:0,(anonymous_3)
FNDA:0,(anonymous_4)
FNDA:0,(anonymous_5)
FNDA:0,(anonymous_6)
FNDA:0,(anonymous_7)
FNDA:0,initializeOptions
FNDA:0,initializeWithData
FNDA:0,setupEventListeners
FNDA:0,(anonymous_11)
FNDA:0,(anonymous_12)
FNDA:0,(anonymous_13)
FNDA:0,(anonymous_14)
FNDA:0,(anonymous_15)
FNDA:0,switchTab
FNDA:0,(anonymous_17)
FNDA:0,(anonymous_18)
FNDA:0,browseForInstallPath
FNDA:0,checkInstallation
FNDA:0,testRealmConnection
FNDA:0,installAddonFromGitHub
FNDA:0,saveOptions
FNDA:0,(anonymous_24)
FNDA:0,resetToDefaults
FNDA:0,populateForm
FNDA:0,updatePlatformInfo
FNDA:0,proxyElectronAPICall
FNDA:0,(anonymous_29)
FNDA:0,(anonymous_30)
FNDA:0,(anonymous_31)
FNDA:0,checkWineStatus
FNDA:0,updateInstallationStatus
FNDA:0,updateConnectionStatus
FNDA:0,showStatusMessage
FNDA:0,loadInstalledAddons
FNDA:0,(anonymous_37)
FNDA:0,uninstallAddon
FNDA:0,(anonymous_39)
FNDA:0,checkForUpdates
FNDA:0,setButtonLoading
FNDA:0,setButtonFeedback
FNDA:0,(anonymous_43)
FNDA:0,showToast
FNDA:0,setButtonState
FNDA:0,showInfo
FNDA:0,showError
FNDA:0,(anonymous_48)
FNDA:0,(anonymous_49)
DA:2,0
DA:3,0
DA:5,0
DA:6,0
DA:8,0
DA:10,0
DA:13,0
DA:14,0
DA:16,0
DA:24,0
DA:25,0
DA:26,0
DA:28,0
DA:29,0
DA:30,0
DA:36,0
DA:38,0
DA:42,0
DA:43,0
DA:44,0
DA:45,0
DA:46,0
DA:47,0
DA:48,0
DA:49,0
DA:51,0
DA:55,0
DA:56,0
DA:64,0
DA:69,0
DA:81,0
DA:131,0
DA:133,0
DA:135,0
DA:136,0
DA:142,0
DA:146,0
DA:147,0
DA:148,0
DA:151,0
DA:154,0
DA:155,0
DA:159,0
DA:162,0
DA:165,0
DA:167,0
DA:169,0
DA:170,0
DA:176,0
DA:179,0
DA:180,0
DA:181,0
DA:186,0
DA:187,0
DA:190,0
DA:191,0
DA:195,0
DA:196,0
DA:199,0
DA:200,0
DA:201,0
DA:206,0
DA:207,0
DA:210,0
DA:211,0
DA:212,0
DA:213,0
DA:219,0
DA:220,0
DA:221,0
DA:222,0
DA:224,0
DA:229,0
DA:230,0
DA:233,0
DA:234,0
DA:237,0
DA:239,0
DA:247,0
DA:248,0
DA:249,0
DA:250,0
DA:254,0
DA:255,0
DA:256,0
DA:257,0
DA:263,0
DA:264,0
DA:265,0
DA:266,0
DA:267,0
DA:268,0
DA:269,0
DA:271,0
DA:274,0
DA:276,0
DA:279,0
DA:280,0
DA:282,0
DA:288,0
DA:290,0
DA:291,0
DA:292,0
DA:293,0
DA:296,0
DA:297,0
DA:299,0
DA:300,0
DA:302,0
DA:305,0
DA:306,0
DA:308,0
DA:314,0
DA:316,0
DA:318,0
DA:319,0
DA:320,0
DA:321,0
DA:324,0
DA:325,0
DA:327,0
DA:329,0
DA:330,0
DA:332,0
DA:335,0
DA:336,0
DA:338,0
DA:339,0
DA:345,0
DA:346,0
DA:348,0
DA:349,0
DA:350,0
DA:354,0
DA:355,0
DA:356,0
DA:357,0
DA:360,0
DA:361,0
DA:364,0
DA:365,0
DA:366,0
DA:367,0
DA:370,0
DA:371,0
DA:373,0
DA:375,0
DA:377,0
DA:378,0
DA:379,0
DA:381,0
DA:383,0
DA:387,0
DA:388,0
DA:394,0
DA:395,0
DA:397,0
DA:407,0
DA:409,0
DA:412,0
DA:413,0
DA:414,0
DA:416,0
DA:421,0
DA:422,0
DA:429,0
DA:430,0
DA:431,0
DA:432,0
DA:433,0
DA:434,0
DA:435,0
DA:437,0
DA:442,0
DA:443,0
DA:444,0
DA:447,0
DA:448,0
DA:451,0
DA:452,0
DA:453,0
DA:456,0
DA:460,0
DA:461,0
DA:464,0
DA:466,0
DA:470,0
DA:477,0
DA:478,0
DA:481,0
DA:482,0
DA:485,0
DA:486,0
DA:489,0
DA:490,0
DA:493,0
DA:494,0
DA:497,0
DA:498,0
DA:501,0
DA:503,0
DA:509,0
DA:511,0
DA:512,0
DA:514,0
DA:518,0
DA:520,0
DA:521,0
DA:525,0
DA:526,0
DA:529,0
DA:531,0
DA:537,0
DA:539,0
DA:540,0
DA:542,0
DA:543,0
DA:544,0
DA:545,0
DA:546,0
DA:548,0
DA:553,0
DA:555,0
DA:563,0
DA:564,0
DA:565,0
DA:569,0
DA:570,0
DA:572,0
DA:580,0
DA:582,0
DA:583,0
DA:584,0
DA:586,0
DA:589,0
DA:591,0
DA:592,0
DA:599,0
DA:607,0
DA:608,0
DA:609,0
DA:610,0
DA:622,0
DA:624,0
DA:627,0
DA:628,0
DA:633,0
DA:635,0
DA:638,0
DA:639,0
DA:644,0
DA:650,0
DA:651,0
DA:654,0
DA:655,0
DA:656,0
DA:657,0
DA:658,0
DA:659,0
DA:668,0
DA:671,0
DA:672,0
DA:674,0
DA:675,0
DA:676,0
DA:677,0
DA:680,0
DA:681,0
DA:689,0
DA:693,0
DA:708,0
DA:711,0
DA:712,0
DA:713,0
DA:714,0
DA:728,0
DA:729,0
DA:730,0
DA:731,0
DA:732,0
DA:736,0
DA:737,0
DA:738,0
DA:739,0
DA:740,0
DA:741,0
DA:742,0
DA:746,0
DA:747,0
DA:748,0
DA:751,0
DA:753,0
DA:756,0
DA:757,0
DA:761,0
DA:762,0
DA:765,0
DA:766,0
DA:767,0
DA:768,0
DA:769,0
DA:770,0
DA:771,0
DA:772,0
DA:774,0
DA:782,0
DA:784,0
DA:785,0
DA:786,0
DA:787,0
DA:791,0
DA:792,0
DA:793,0
DA:794,0
DA:795,0
DA:796,0
DA:798,0
DA:801,0
DA:802,0
DA:803,0
DA:804,0
DA:805,0
DA:806,0
DA:808,0
DA:811,0
DA:813,0
DA:814,0
DA:815,0
DA:817,0
DA:818,0
DA:820,0
DA:824,0
DA:825,0
DA:826,0
DA:827,0
DA:828,0
DA:835,0
DA:836,0
DA:837,0
DA:839,0
DA:840,0
DA:841,0
DA:843,0
DA:844,0
DA:846,0
DA:847,0
DA:853,0
DA:854,0
DA:857,0
DA:859,0
DA:860,0
DA:862,0
DA:863,0
DA:867,0
DA:870,0
DA:871,0
DA:874,0
DA:875,0
DA:876,0
DA:877,0
DA:878,0
DA:886,0
DA:890,0
DA:891,0
DA:893,0
DA:899,0
DA:904,0
DA:908,0
DA:910,0
DA:912,0
DA:915,0
DA:920,0
DA:921,0
DA:922,0
DA:923,0
LF:375
LH:0
BRDA:5,0,0,0
BRDA:5,0,1,0
BRDA:8,1,0,0
BRDA:8,1,1,0
BRDA:13,2,0,0
BRDA:13,2,1,0
BRDA:13,3,0,0
BRDA:13,3,1,0
BRDA:26,4,0,0
BRDA:26,4,1,0
BRDA:42,5,0,0
BRDA:42,5,1,0
BRDA:46,6,0,0
BRDA:46,6,1,0
BRDA:46,7,0,0
BRDA:46,7,1,0
BRDA:48,8,0,0
BRDA:48,8,1,0
BRDA:154,9,0,0
BRDA:154,9,1,0
BRDA:186,10,0,0
BRDA:186,10,1,0
BRDA:190,11,0,0
BRDA:190,11,1,0
BRDA:195,12,0,0
BRDA:195,12,1,0
BRDA:199,13,0,0
BRDA:199,13,1,0
BRDA:206,14,0,0
BRDA:206,14,1,0
BRDA:210,15,0,0
BRDA:210,15,1,0
BRDA:212,16,0,0
BRDA:212,16,1,0
BRDA:219,17,0,0
BRDA:219,17,1,0
BRDA:221,18,0,0
BRDA:221,18,1,0
BRDA:229,19,0,0
BRDA:229,19,1,0
BRDA:233,20,0,0
BRDA:233,20,1,0
BRDA:266,21,0,0
BRDA:266,21,1,0
BRDA:268,22,0,0
BRDA:268,22,1,0
BRDA:290,23,0,0
BRDA:290,23,1,0
BRDA:299,24,0,0
BRDA:299,24,1,0
BRDA:316,25,0,0
BRDA:316,25,1,0
BRDA:318,26,0,0
BRDA:318,26,1,0
BRDA:329,27,0,0
BRDA:329,27,1,0
BRDA:339,28,0,0
BRDA:339,28,1,0
BRDA:348,29,0,0
BRDA:348,29,1,0
BRDA:354,30,0,0
BRDA:354,30,1,0
BRDA:355,31,0,0
BRDA:355,31,1,0
BRDA:365,32,0,0
BRDA:365,32,1,0
BRDA:377,33,0,0
BRDA:377,33,1,0
BRDA:383,34,0,0
BRDA:383,34,1,0
BRDA:388,35,0,0
BRDA:388,35,1,0
BRDA:398,36,0,0
BRDA:398,36,1,0
BRDA:399,37,0,0
BRDA:399,37,1,0
BRDA:400,38,0,0
BRDA:400,38,1,0
BRDA:401,39,0,0
BRDA:401,39,1,0
BRDA:402,40,0,0
BRDA:402,40,1,0
BRDA:403,41,0,0
BRDA:403,41,1,0
BRDA:404,42,0,0
BRDA:404,42,1,0
BRDA:413,43,0,0
BRDA:413,43,1,0
BRDA:429,44,0,0
BRDA:429,44,1,0
BRDA:430,45,0,0
BRDA:430,45,1,0
BRDA:430,46,0,0
BRDA:430,46,1,0
BRDA:431,47,0,0
BRDA:431,47,1,0
BRDA:431,48,0,0
BRDA:431,48,1,0
BRDA:432,49,0,0
BRDA:432,49,1,0
BRDA:433,50,0,0
BRDA:433,50,1,0
BRDA:434,51,0,0
BRDA:434,51,1,0
BRDA:435,52,0,0
BRDA:435,52,1,0
BRDA:447,53,0,0
BRDA:447,53,1,0
BRDA:448,54,0,0
BRDA:448,54,1,0
BRDA:448,54,2,0
BRDA:451,55,0,0
BRDA:451,55,1,0
BRDA:452,56,0,0
BRDA:452,56,1,0
BRDA:453,57,0,0
BRDA:453,57,1,0
BRDA:456,58,0,0
BRDA:456,58,1,0
BRDA:456,59,0,0
BRDA:456,59,1,0
BRDA:464,60,0,0
BRDA:464,60,1,0
BRDA:466,61,0,0
BRDA:466,61,1,0
BRDA:466,61,2,0
BRDA:481,62,0,0
BRDA:481,62,1,0
BRDA:482,63,0,0
BRDA:482,63,1,0
BRDA:482,63,2,0
BRDA:485,64,0,0
BRDA:485,64,1,0
BRDA:489,65,0,0
BRDA:489,65,1,0
BRDA:490,66,0,0
BRDA:490,66,1,0
BRDA:493,67,0,0
BRDA:493,67,1,0
BRDA:494,68,0,0
BRDA:494,68,1,0
BRDA:497,69,0,0
BRDA:497,69,1,0
BRDA:509,70,0,0
BRDA:509,70,1,0
BRDA:509,71,0,0
BRDA:509,71,1,0
BRDA:514,72,0,0
BRDA:514,72,1,0
BRDA:515,73,0,0
BRDA:515,73,1,0
BRDA:516,74,0,0
BRDA:516,74,1,0
BRDA:520,75,0,0
BRDA:520,75,1,0
BRDA:525,76,0,0
BRDA:525,76,1,0
BRDA:525,77,0,0
BRDA:525,77,1,0
BRDA:539,78,0,0
BRDA:539,78,1,0
BRDA:539,79,0,0
BRDA:539,79,1,0
BRDA:543,80,0,0
BRDA:543,80,1,0
BRDA:543,81,0,0
BRDA:543,81,1,0
BRDA:545,82,0,0
BRDA:545,82,1,0
BRDA:569,83,0,0
BRDA:569,83,1,0
BRDA:569,84,0,0
BRDA:569,84,1,0
BRDA:580,85,0,0
BRDA:580,85,1,0
BRDA:580,86,0,0
BRDA:580,86,1,0
BRDA:584,87,0,0
BRDA:584,87,1,0
BRDA:591,88,0,0
BRDA:591,88,1,0
BRDA:591,89,0,0
BRDA:591,89,1,0
BRDA:609,90,0,0
BRDA:609,90,1,0
BRDA:622,91,0,0
BRDA:622,91,1,0
BRDA:624,92,0,0
BRDA:624,92,1,0
BRDA:625,93,0,0
BRDA:625,93,1,0
BRDA:633,94,0,0
BRDA:633,94,1,0
BRDA:635,95,0,0
BRDA:635,95,1,0
BRDA:636,96,0,0
BRDA:636,96,1,0
BRDA:643,97,0,0
BRDA:654,98,0,0
BRDA:654,98,1,0
BRDA:655,99,0,0
BRDA:655,99,1,0
BRDA:658,100,0,0
BRDA:658,100,1,0
BRDA:675,101,0,0
BRDA:675,101,1,0
BRDA:680,102,0,0
BRDA:680,102,1,0
BRDA:680,103,0,0
BRDA:680,103,1,0
BRDA:696,104,0,0
BRDA:696,104,1,0
BRDA:697,105,0,0
BRDA:697,105,1,0
BRDA:698,106,0,0
BRDA:698,106,1,0
BRDA:713,107,0,0
BRDA:713,107,1,0
BRDA:729,108,0,0
BRDA:729,108,1,0
BRDA:730,109,0,0
BRDA:730,109,1,0
BRDA:740,110,0,0
BRDA:740,110,1,0
BRDA:740,111,0,0
BRDA:740,111,1,0
BRDA:746,112,0,0
BRDA:746,112,1,0
BRDA:762,113,0,0
BRDA:762,113,1,0
BRDA:768,114,0,0
BRDA:768,114,1,0
BRDA:768,115,0,0
BRDA:768,115,1,0
BRDA:770,116,0,0
BRDA:770,116,1,0
BRDA:785,117,0,0
BRDA:785,117,1,0
BRDA:791,118,0,0
BRDA:791,118,1,0
BRDA:792,119,0,0
BRDA:792,119,1,0
BRDA:793,120,0,0
BRDA:793,120,1,0
BRDA:801,121,0,0
BRDA:801,121,1,0
BRDA:802,122,0,0
BRDA:802,122,1,0
BRDA:803,123,0,0
BRDA:803,123,1,0
BRDA:813,124,0,0
BRDA:813,124,1,0
BRDA:817,125,0,0
BRDA:817,125,1,0
BRDA:817,126,0,0
BRDA:817,126,1,0
BRDA:825,127,0,0
BRDA:825,127,1,0
BRDA:834,128,0,0
BRDA:836,129,0,0
BRDA:836,129,1,0
BRDA:837,130,0,0
BRDA:837,130,1,0
BRDA:840,131,0,0
BRDA:840,131,1,0
BRDA:840,132,0,0
BRDA:840,132,1,0
BRDA:852,133,0,0
BRDA:852,134,0,0
BRDA:854,135,0,0
BRDA:854,135,1,0
BRDA:860,136,0,0
BRDA:860,136,1,0
BRDA:862,137,0,0
BRDA:862,137,1,0
BRDA:875,138,0,0
BRDA:875,138,1,0
BRDA:885,139,0,0
BRDA:885,140,0,0
BRDA:889,141,0,0
BRDA:889,142,0,0
BRDA:890,143,0,0
BRDA:890,143,1,0
BRDA:910,144,0,0
BRDA:910,144,1,0
BRDA:921,145,0,0
BRDA:921,145,1,0
BRF:287
BRH:0
end_of_record
TN:
SF:src/pe-patcher.js
FN:9,(anonymous_0)
FN:18,(anonymous_1)
FN:63,(anonymous_2)
FN:78,(anonymous_3)
FN:85,patchWowExe
FNF:5
FNH:0
FNDA:0,(anonymous_0)
FNDA:0,(anonymous_1)
FNDA:0,(anonymous_2)
FNDA:0,(anonymous_3)
FNDA:0,patchWowExe
DA:5,0
DA:6,0
DA:10,0
DA:11,0
DA:12,0
DA:13,0
DA:14,0
DA:15,0
DA:19,0
DA:20,0
DA:23,0
DA:24,0
DA:25,0
DA:29,0
DA:30,0
DA:33,0
DA:34,0
DA:35,0
DA:39,0
DA:40,0
DA:41,0
DA:42,0
DA:44,0
DA:45,0
DA:46,0
DA:49,0
DA:53,0
DA:54,0
DA:55,0
DA:57,0
DA:58,0
DA:60,0
DA:64,0
DA:75,0
DA:79,0
DA:80,0
DA:86,0
DA:88,0
DA:90,0
DA:91,0
DA:92,0
DA:96,0
DA:97,0
DA:98,0
DA:111,0
DA:123,0
LF:46
LH:0
BRDA:24,0,0,0
BRDA:24,0,1,0
BRDA:34,1,0,0
BRDA:34,1,1,0
BRDA:44,2,0,0
BRDA:44,2,1,0
BRDA:90,3,0,0
BRDA:90,3,1,0
BRDA:97,4,0,0
BRDA:97,4,1,0
BRF:10
BRH:0
end_of_record
TN:
SF:src/platform-manager.js
FN:11,(anonymous_0)
FN:22,(anonymous_1)
FN:34,(anonymous_2)
FN:44,(anonymous_3)
FN:78,(anonymous_4)
FN:133,(anonymous_5)
FN:144,(anonymous_6)
FN:149,(anonymous_7)
FN:155,(anonymous_8)
FN:163,(anonymous_9)
FN:172,(anonymous_10)
FN:189,(anonymous_11)
FN:285,(anonymous_12)
FN:427,(anonymous_13)
FN:535,(anonymous_14)
FN:538,(anonymous_15)
FN:541,(anonymous_16)
FN:544,(anonymous_17)
FN:557,(anonymous_18)
FN:622,(anonymous_19)
FN:656,(anonymous_20)
FN:673,(anonymous_21)
FN:674,(anonymous_22)
FN:708,(anonymous_23)
FN:767,(anonymous_24)
FN:788,(anonymous_25)
FN:812,(anonymous_26)
FN:817,(anonymous_27)
FN:875,(anonymous_28)
FN:938,(anonymous_29)
FNF:30
FNH:0
FNDA:0,(anonymous_0)
FNDA:0,(anonymous_1)
FNDA:0,(anonymous_2)
FNDA:0,(anonymous_3)
FNDA:0,(anonymous_4)
FNDA:0,(anonymous_5)
FNDA:0,(anonymous_6)
FNDA:0,(anonymous_7)
FNDA:0,(anonymous_8)
FNDA:0,(anonymous_9)
FNDA:0,(anonymous_10)
FNDA:0,(anonymous_11)
FNDA:0,(anonymous_12)
FNDA:0,(anonymous_13)
FNDA:0,(anonymous_14)
FNDA:0,(anonymous_15)
FNDA:0,(anonymous_16)
FNDA:0,(anonymous_17)
FNDA:0,(anonymous_18)
FNDA:0,(anonymous_19)
FNDA:0,(anonymous_20)
FNDA:0,(anonymous_21)
FNDA:0,(anonymous_22)
FNDA:0,(anonymous_23)
FNDA:0,(anonymous_24)
FNDA:0,(anonymous_25)
FNDA:0,(anonymous_26)
FNDA:0,(anonymous_27)
FNDA:0,(anonymous_28)
FNDA:0,(anonymous_29)
DA:1,0
DA:2,0
DA:3,0
DA:4,0
DA:5,0
DA:7,0
DA:12,0
DA:13,0
DA:14,0
DA:15,0
DA:16,0
DA:17,0
DA:18,0
DA:23,0
DA:35,0
DA:36,0
DA:37,0
DA:38,0
DA:39,0
DA:45,0
DA:47,0
DA:49,0
DA:56,0
DA:65,0
DA:73,0
DA:79,0
DA:80,0
DA:83,0
DA:91,0
DA:92,0
DA:100,0
DA:101,0
DA:102,0
DA:114,0
DA:115,0
DA:116,0
DA:117,0
DA:118,0
DA:130,0
DA:134,0
DA:135,0
DA:136,0
DA:138,0
DA:146,0
DA:152,0
DA:158,0
DA:159,0
DA:164,0
DA:165,0
DA:168,0
DA:173,0
DA:175,0
DA:176,0
DA:179,0
DA:185,0
DA:186,0
DA:190,0
DA:191,0
DA:192,0
DA:195,0
DA:196,0
DA:197,0
DA:201,0
DA:203,0
DA:205,0
DA:206,0
DA:208,0
DA:209,0
DA:210,0
DA:211,0
DA:213,0
DA:217,0
DA:225,0
DA:226,0
DA:230,0
DA:233,0
DA:234,0
DA:238,0
DA:243,0
DA:244,0
DA:245,0
DA:250,0
DA:257,0
DA:258,0
DA:259,0
DA:260,0
DA:261,0
DA:262,0
DA:263,0
DA:266,0
DA:267,0
DA:274,0
DA:275,0
DA:276,0
DA:278,0
DA:286,0
DA:287,0
DA:289,0
DA:299,0
DA:300,0
DA:301,0
DA:304,0
DA:308,0
DA:309,0
DA:310,0
DA:314,0
DA:317,0
DA:318,0
DA:320,0
DA:325,0
DA:326,0
DA:327,0
DA:329,0
DA:330,0
DA:331,0
DA:332,0
DA:334,0
DA:336,0
DA:340,0
DA:341,0
DA:348,0
DA:349,0
DA:350,0
DA:352,0
DA:354,0
DA:355,0
DA:357,0
DA:358,0
DA:359,0
DA:364,0
DA:365,0
DA:366,0
DA:367,0
DA:371,0
DA:372,0
DA:374,0
DA:375,0
DA:376,0
DA:380,0
DA:381,0
DA:385,0
DA:389,0
DA:394,0
DA:396,0
DA:397,0
DA:400,0
DA:401,0
DA:402,0
DA:403,0
DA:405,0
DA:409,0
DA:410,0
DA:414,0
DA:415,0
DA:418,0
DA:419,0
DA:420,0
DA:429,0
DA:430,0
DA:431,0
DA:437,0
DA:438,0
DA:442,0
DA:443,0
DA:444,0
DA:445,0
DA:446,0
DA:447,0
DA:449,0
DA:450,0
DA:453,0
DA:456,0
DA:457,0
DA:459,0
DA:460,0
DA:462,0
DA:463,0
DA:466,0
DA:467,0
DA:468,0
DA:469,0
DA:470,0
DA:471,0
DA:472,0
DA:474,0
DA:478,0
DA:484,0
DA:495,0
DA:501,0
DA:503,0
DA:504,0
DA:505,0
DA:506,0
DA:507,0
DA:508,0
DA:509,0
DA:510,0
DA:511,0
DA:512,0
DA:513,0
DA:514,0
DA:515,0
DA:516,0
DA:518,0
DA:519,0
DA:527,0
DA:535,0
DA:536,0
DA:538,0
DA:539,0
DA:541,0
DA:542,0
DA:544,0
DA:545,0
DA:549,0
DA:551,0
DA:552,0
DA:554,0
DA:558,0
DA:559,0
DA:561,0
DA:567,0
DA:568,0
DA:577,0
DA:578,0
DA:580,0
DA:581,0
DA:588,0
DA:589,0
DA:591,0
DA:593,0
DA:594,0
DA:596,0
DA:597,0
DA:599,0
DA:600,0
DA:602,0
DA:603,0
DA:607,0
DA:610,0
DA:623,0
DA:624,0
DA:625,0
DA:628,0
DA:630,0
DA:632,0
DA:634,0
DA:635,0
DA:636,0
DA:637,0
DA:639,0
DA:642,0
DA:643,0
DA:645,0
DA:646,0
DA:647,0
DA:657,0
DA:659,0
DA:661,0
DA:662,0
DA:663,0
DA:664,0
DA:667,0
DA:669,0
DA:673,0
DA:674,0
DA:675,0
DA:676,0
DA:678,0
DA:683,0
DA:684,0
DA:687,0
DA:688,0
DA:690,0
DA:692,0
DA:699,0
DA:709,0
DA:710,0
DA:712,0
DA:715,0
DA:718,0
DA:719,0
DA:720,0
DA:721,0
DA:724,0
DA:725,0
DA:728,0
DA:729,0
DA:732,0
DA:733,0
DA:735,0
DA:738,0
DA:739,0
DA:742,0
DA:743,0
DA:744,0
DA:746,0
DA:749,0
DA:751,0
DA:758,0
DA:768,0
DA:775,0
DA:776,0
DA:777,0
DA:778,0
DA:780,0
DA:784,0
DA:791,0
DA:793,0
DA:794,0
DA:796,0
DA:797,0
DA:799,0
DA:800,0
DA:802,0
DA:803,0
DA:805,0
DA:808,0
DA:813,0
DA:818,0
DA:820,0
DA:822,0
DA:823,0
DA:854,0
DA:855,0
DA:871,0
DA:876,0
DA:877,0
DA:880,0
DA:882,0
DA:883,0
DA:884,0
DA:887,0
DA:888,0
DA:889,0
DA:892,0
DA:895,0
DA:896,0
DA:897,0
DA:900,0
DA:901,0
DA:902,0
DA:907,0
DA:908,0
DA:911,0
DA:912,0
DA:913,0
DA:914,0
DA:916,0
DA:919,0
DA:920,0
DA:923,0
DA:930,0
DA:939,0
DA:940,0
DA:942,0
DA:943,0
DA:944,0
DA:947,0
DA:948,0
DA:950,0
DA:957,0
DA:958,0
DA:959,0
DA:960,0
DA:963,0
DA:966,0
DA:971,0
DA:972,0
DA:979,0
DA:987,0
LF:371
LH:0
BRDA:35,0,0,0
BRDA:35,0,1,0
BRDA:35,0,2,0
BRDA:35,0,3,0
BRDA:47,1,0,0
BRDA:47,1,1,0
BRDA:47,1,2,0
BRDA:47,1,3,0
BRDA:79,2,0,0
BRDA:79,2,1,0
BRDA:91,3,0,0
BRDA:91,3,1,0
BRDA:101,4,0,0
BRDA:101,4,1,0
BRDA:117,5,0,0
BRDA:117,5,1,0
BRDA:163,6,0,0
BRDA:164,7,0,0
BRDA:164,7,1,0
BRDA:175,8,0,0
BRDA:175,8,1,0
BRDA:191,9,0,0
BRDA:191,9,1,0
BRDA:196,10,0,0
BRDA:196,10,1,0
BRDA:201,11,0,0
BRDA:201,11,1,0
BRDA:203,12,0,0
BRDA:203,12,1,0
BRDA:208,13,0,0
BRDA:208,13,1,0
BRDA:208,14,0,0
BRDA:208,14,1,0
BRDA:210,15,0,0
BRDA:210,15,1,0
BRDA:211,16,0,0
BRDA:211,16,1,0
BRDA:213,17,0,0
BRDA:213,17,1,0
BRDA:233,18,0,0
BRDA:233,18,1,0
BRDA:233,19,0,0
BRDA:233,19,1,0
BRDA:234,20,0,0
BRDA:234,20,1,0
BRDA:243,21,0,0
BRDA:243,21,1,0
BRDA:257,22,0,0
BRDA:257,22,1,0
BRDA:260,23,0,0
BRDA:260,23,1,0
BRDA:299,24,0,0
BRDA:299,24,1,0
BRDA:299,25,0,0
BRDA:299,25,1,0
BRDA:310,26,0,0
BRDA:310,26,1,0
BRDA:314,27,0,0
BRDA:314,27,1,0
BRDA:329,28,0,0
BRDA:329,28,1,0
BRDA:331,29,0,0
BRDA:331,29,1,0
BRDA:352,30,0,0
BRDA:352,30,1,0
BRDA:354,31,0,0
BRDA:354,31,1,0
BRDA:354,32,0,0
BRDA:354,32,1,0
BRDA:357,33,0,0
BRDA:357,33,1,0
BRDA:374,34,0,0
BRDA:374,34,1,0
BRDA:380,35,0,0
BRDA:380,35,1,0
BRDA:381,36,0,0
BRDA:381,36,1,0
BRDA:394,37,0,0
BRDA:394,37,1,0
BRDA:396,38,0,0
BRDA:396,38,1,0
BRDA:431,39,0,0
BRDA:431,39,1,0
BRDA:431,39,2,0
BRDA:442,40,0,0
BRDA:442,40,1,0
BRDA:445,41,0,0
BRDA:445,41,1,0
BRDA:456,42,0,0
BRDA:456,42,1,0
BRDA:459,43,0,0
BRDA:459,43,1,0
BRDA:462,44,0,0
BRDA:462,44,1,0
BRDA:471,45,0,0
BRDA:471,45,1,0
BRDA:503,46,0,0
BRDA:503,46,1,0
BRDA:503,47,0,0
BRDA:503,47,1,0
BRDA:504,48,0,0
BRDA:504,48,1,0
BRDA:511,49,0,0
BRDA:511,49,1,0
BRDA:567,50,0,0
BRDA:567,50,1,0
BRDA:570,51,0,0
BRDA:570,51,1,0
BRDA:580,52,0,0
BRDA:580,52,1,0
BRDA:581,53,0,0
BRDA:581,53,1,0
BRDA:588,54,0,0
BRDA:588,54,1,0
BRDA:591,55,0,0
BRDA:591,55,1,0
BRDA:591,56,0,0
BRDA:591,56,1,0
BRDA:596,57,0,0
BRDA:596,57,1,0
BRDA:599,58,0,0
BRDA:599,58,1,0
BRDA:602,59,0,0
BRDA:602,59,1,0
BRDA:602,60,0,0
BRDA:602,60,1,0
BRDA:607,61,0,0
BRDA:607,61,1,0
BRDA:607,61,2,0
BRDA:607,61,3,0
BRDA:612,62,0,0
BRDA:612,62,1,0
BRDA:612,62,2,0
BRDA:622,63,0,0
BRDA:623,64,0,0
BRDA:623,64,1,0
BRDA:624,65,0,0
BRDA:624,65,1,0
BRDA:630,66,0,0
BRDA:630,66,1,0
BRDA:634,67,0,0
BRDA:634,67,1,0
BRDA:636,68,0,0
BRDA:636,68,1,0
BRDA:656,69,0,0
BRDA:659,70,0,0
BRDA:659,70,1,0
BRDA:667,71,0,0
BRDA:667,71,1,0
BRDA:675,72,0,0
BRDA:675,72,1,0
BRDA:683,73,0,0
BRDA:683,73,1,0
BRDA:687,74,0,0
BRDA:687,74,1,0
BRDA:690,75,0,0
BRDA:690,75,1,0
BRDA:708,76,0,0
BRDA:712,77,0,0
BRDA:712,77,1,0
BRDA:715,78,0,0
BRDA:715,78,1,0
BRDA:715,78,2,0
BRDA:715,78,3,0
BRDA:715,78,4,0
BRDA:719,79,0,0
BRDA:719,79,1,0
BRDA:738,80,0,0
BRDA:738,80,1,0
BRDA:742,81,0,0
BRDA:742,81,1,0
BRDA:749,82,0,0
BRDA:749,82,1,0
BRDA:791,83,0,0
BRDA:791,83,1,0
BRDA:791,83,2,0
BRDA:791,83,3,0
BRDA:791,83,4,0
BRDA:813,84,0,0
BRDA:813,84,1,0
BRDA:818,85,0,0
BRDA:818,85,1,0
BRDA:822,86,0,0
BRDA:822,86,1,0
BRDA:824,87,0,0
BRDA:824,87,1,0
BRDA:825,88,0,0
BRDA:825,88,1,0
BRDA:830,89,0,0
BRDA:830,89,1,0
BRDA:831,90,0,0
BRDA:831,90,1,0
BRDA:838,91,0,0
BRDA:838,91,1,0
BRDA:844,92,0,0
BRDA:844,92,1,0
BRDA:850,93,0,0
BRDA:850,93,1,0
BRDA:854,94,0,0
BRDA:854,94,1,0
BRDA:875,95,0,0
BRDA:876,96,0,0
BRDA:876,96,1,0
BRDA:883,97,0,0
BRDA:883,97,1,0
BRDA:888,98,0,0
BRDA:888,98,1,0
BRDA:895,99,0,0
BRDA:895,99,1,0
BRDA:896,100,0,0
BRDA:896,100,1,0
BRDA:901,101,0,0
BRDA:901,101,1,0
BRDA:907,102,0,0
BRDA:907,102,1,0
BRDA:919,103,0,0
BRDA:919,103,1,0
BRDA:938,104,0,0
BRDA:942,105,0,0
BRDA:942,105,1,0
BRDA:943,106,0,0
BRDA:943,106,1,0
BRDA:957,107,0,0
BRDA:957,107,1,0
BRDA:959,108,0,0
BRDA:959,108,1,0
BRF:226
BRH:0
end_of_record
