TN:
SF:src/main.js
FN:60,(anonymous_0)
FN:67,(anonymous_1)
FN:77,(anonymous_2)
FN:84,(anonymous_3)
FN:94,(anonymous_4)
FN:105,(anonymous_5)
FN:115,createWindow
FN:138,(anonymous_7)
FN:148,(anonymous_8)
FN:153,(anonymous_9)
FN:159,createSettingsWindow
FN:187,(anonymous_11)
FN:192,createMenu
FN:200,(anonymous_13)
FN:206,(anonymous_14)
FN:216,(anonymous_15)
FN:221,(anonymous_16)
FN:226,(anonymous_17)
FN:235,(anonymous_18)
FN:242,(anonymous_19)
FN:266,(anonymous_20)
FN:274,(anonymous_21)
FN:283,(anonymous_22)
FN:291,(anonymous_23)
FN:299,(anonymous_24)
FN:311,(anonymous_25)
FN:321,(anonymous_26)
FN:331,(anonymous_27)
FN:335,(anonymous_28)
FN:347,(anonymous_29)
FN:363,(anonymous_30)
FN:397,(anonymous_31)
FN:422,(anonymous_32)
FN:449,(anonymous_33)
FN:462,(anonymous_34)
FN:470,(anonymous_35)
FN:478,(anonymous_36)
FN:497,(anonymous_37)
FN:511,(anonymous_38)
FN:528,(anonymous_39)
FN:542,(anonymous_40)
FN:558,(anonymous_41)
FN:568,(anonymous_42)
FN:584,extractZipFile
FN:639,(anonymous_44)
FN:677,(anonymous_45)
FN:706,(anonymous_46)
FN:727,(anonymous_47)
FN:798,(anonymous_48)
FN:871,(anonymous_49)
FN:895,(anonymous_50)
FN:934,(anonymous_51)
FN:1002,(anonymous_52)
FN:1027,(anonymous_53)
FN:1067,(anonymous_54)
FN:1084,(anonymous_55)
FN:1096,(anonymous_56)
FN:1120,(anonymous_57)
FN:1124,(anonymous_58)
FN:1128,(anonymous_59)
FN:1132,(anonymous_60)
FN:1136,(anonymous_61)
FN:1145,(anonymous_62)
FN:1150,(anonymous_63)
FN:1152,(anonymous_64)
FN:1161,(anonymous_65)
FN:1166,(anonymous_66)
FN:1172,loadSettingsFromFile
FN:1190,(anonymous_68)
FNF:69
FNH:0
FNDA:0,(anonymous_0)
FNDA:0,(anonymous_1)
FNDA:0,(anonymous_2)
FNDA:0,(anonymous_3)
FNDA:0,(anonymous_4)
FNDA:0,(anonymous_5)
FNDA:0,createWindow
FNDA:0,(anonymous_7)
FNDA:0,(anonymous_8)
FNDA:0,(anonymous_9)
FNDA:0,createSettingsWindow
FNDA:0,(anonymous_11)
FNDA:0,createMenu
FNDA:0,(anonymous_13)
FNDA:0,(anonymous_14)
FNDA:0,(anonymous_15)
FNDA:0,(anonymous_16)
FNDA:0,(anonymous_17)
FNDA:0,(anonymous_18)
FNDA:0,(anonymous_19)
FNDA:0,(anonymous_20)
FNDA:0,(anonymous_21)
FNDA:0,(anonymous_22)
FNDA:0,(anonymous_23)
FNDA:0,(anonymous_24)
FNDA:0,(anonymous_25)
FNDA:0,(anonymous_26)
FNDA:0,(anonymous_27)
FNDA:0,(anonymous_28)
FNDA:0,(anonymous_29)
FNDA:0,(anonymous_30)
FNDA:0,(anonymous_31)
FNDA:0,(anonymous_32)
FNDA:0,(anonymous_33)
FNDA:0,(anonymous_34)
FNDA:0,(anonymous_35)
FNDA:0,(anonymous_36)
FNDA:0,(anonymous_37)
FNDA:0,(anonymous_38)
FNDA:0,(anonymous_39)
FNDA:0,(anonymous_40)
FNDA:0,(anonymous_41)
FNDA:0,(anonymous_42)
FNDA:0,extractZipFile
FNDA:0,(anonymous_44)
FNDA:0,(anonymous_45)
FNDA:0,(anonymous_46)
FNDA:0,(anonymous_47)
FNDA:0,(anonymous_48)
FNDA:0,(anonymous_49)
FNDA:0,(anonymous_50)
FNDA:0,(anonymous_51)
FNDA:0,(anonymous_52)
FNDA:0,(anonymous_53)
FNDA:0,(anonymous_54)
FNDA:0,(anonymous_55)
FNDA:0,(anonymous_56)
FNDA:0,(anonymous_57)
FNDA:0,(anonymous_58)
FNDA:0,(anonymous_59)
FNDA:0,(anonymous_60)
FNDA:0,(anonymous_61)
FNDA:0,(anonymous_62)
FNDA:0,(anonymous_63)
FNDA:0,(anonymous_64)
FNDA:0,(anonymous_65)
FNDA:0,(anonymous_66)
FNDA:0,loadSettingsFromFile
FNDA:0,(anonymous_68)
DA:1,0
DA:2,0
DA:3,0
DA:4,0
DA:5,0
DA:6,0
DA:7,0
DA:8,0
DA:9,0
DA:12,0
DA:13,0
DA:20,0
DA:21,0
DA:22,0
DA:23,0
DA:24,0
DA:32,0
DA:44,0
DA:55,0
DA:56,0
DA:57,0
DA:60,0
DA:61,0
DA:62,0
DA:63,0
DA:67,0
DA:68,0
DA:69,0
DA:70,0
DA:77,0
DA:78,0
DA:79,0
DA:80,0
DA:84,0
DA:85,0
DA:86,0
DA:87,0
DA:94,0
DA:95,0
DA:96,0
DA:105,0
DA:106,0
DA:107,0
DA:108,0
DA:117,0
DA:135,0
DA:138,0
DA:139,0
DA:142,0
DA:143,0
DA:148,0
DA:149,0
DA:153,0
DA:154,0
DA:155,0
DA:160,0
DA:161,0
DA:162,0
DA:165,0
DA:181,0
DA:183,0
DA:184,0
DA:187,0
DA:188,0
DA:193,0
DA:200,0
DA:206,0
DA:216,0
DA:221,0
DA:226,0
DA:236,0
DA:243,0
DA:255,0
DA:258,0
DA:259,0
DA:261,0
DA:266,0
DA:268,0
DA:270,0
DA:271,0
DA:274,0
DA:275,0
DA:276,0
DA:277,0
DA:279,0
DA:283,0
DA:285,0
DA:286,0
DA:291,0
DA:293,0
DA:294,0
DA:299,0
DA:300,0
DA:311,0
DA:312,0
DA:313,0
DA:314,0
DA:316,0
DA:317,0
DA:321,0
DA:322,0
DA:323,0
DA:324,0
DA:326,0
DA:327,0
DA:331,0
DA:332,0
DA:335,0
DA:336,0
DA:341,0
DA:342,0
DA:344,0
DA:347,0
DA:348,0
DA:349,0
DA:351,0
DA:363,0
DA:364,0
DA:365,0
DA:368,0
DA:369,0
DA:370,0
DA:371,0
DA:372,0
DA:373,0
DA:376,0
DA:378,0
DA:381,0
DA:388,0
DA:389,0
DA:391,0
DA:392,0
DA:394,0
DA:395,0
DA:397,0
DA:398,0
DA:399,0
DA:400,0
DA:401,0
DA:404,0
DA:405,0
DA:406,0
DA:407,0
DA:408,0
DA:410,0
DA:417,0
DA:422,0
DA:423,0
DA:425,0
DA:426,0
DA:428,0
DA:435,0
DA:438,0
DA:440,0
DA:441,0
DA:443,0
DA:444,0
DA:449,0
DA:450,0
DA:451,0
DA:452,0
DA:457,0
DA:458,0
DA:462,0
DA:463,0
DA:464,0
DA:465,0
DA:467,0
DA:470,0
DA:471,0
DA:472,0
DA:473,0
DA:475,0
DA:478,0
DA:479,0
DA:480,0
DA:481,0
DA:483,0
DA:484,0
DA:487,0
DA:488,0
DA:491,0
DA:493,0
DA:497,0
DA:498,0
DA:499,0
DA:500,0
DA:503,0
DA:504,0
DA:505,0
DA:507,0
DA:511,0
DA:512,0
DA:513,0
DA:515,0
DA:516,0
DA:517,0
DA:518,0
DA:521,0
DA:523,0
DA:528,0
DA:529,0
DA:530,0
DA:531,0
DA:536,0
DA:537,0
DA:541,0
DA:542,0
DA:543,0
DA:544,0
DA:545,0
DA:546,0
DA:551,0
DA:553,0
DA:558,0
DA:559,0
DA:560,0
DA:561,0
DA:562,0
DA:564,0
DA:568,0
DA:569,0
DA:570,0
DA:572,0
DA:573,0
DA:576,0
DA:578,0
DA:579,0
DA:586,0
DA:588,0
DA:591,0
DA:592,0
DA:593,0
DA:594,0
DA:597,0
DA:600,0
DA:601,0
DA:602,0
DA:604,0
DA:605,0
DA:607,0
DA:609,0
DA:611,0
DA:612,0
DA:613,0
DA:614,0
DA:618,0
DA:621,0
DA:627,0
DA:628,0
DA:629,0
DA:631,0
DA:634,0
DA:639,0
DA:640,0
DA:641,0
DA:642,0
DA:645,0
DA:646,0
DA:647,0
DA:648,0
DA:649,0
DA:651,0
DA:655,0
DA:656,0
DA:657,0
DA:658,0
DA:660,0
DA:661,0
DA:662,0
DA:663,0
DA:665,0
DA:667,0
DA:674,0
DA:675,0
DA:677,0
DA:678,0
DA:679,0
DA:682,0
DA:683,0
DA:684,0
DA:686,0
DA:687,0
DA:688,0
DA:690,0
DA:694,0
DA:695,0
DA:699,0
DA:700,0
DA:703,0
DA:704,0
DA:706,0
DA:707,0
DA:710,0
DA:711,0
DA:714,0
DA:717,0
DA:718,0
DA:721,0
DA:722,0
DA:723,0
DA:724,0
DA:725,0
DA:727,0
DA:728,0
DA:729,0
DA:734,0
DA:736,0
DA:737,0
DA:738,0
DA:741,0
DA:742,0
DA:746,0
DA:747,0
DA:751,0
DA:754,0
DA:755,0
DA:759,0
DA:760,0
DA:764,0
DA:765,0
DA:768,0
DA:769,0
DA:772,0
DA:774,0
DA:775,0
DA:776,0
DA:777,0
DA:778,0
DA:779,0
DA:781,0
DA:782,0
DA:783,0
DA:784,0
DA:785,0
DA:786,0
DA:789,0
DA:792,0
DA:793,0
DA:798,0
DA:799,0
DA:800,0
DA:802,0
DA:803,0
DA:805,0
DA:807,0
DA:809,0
DA:810,0
DA:813,0
DA:815,0
DA:816,0
DA:820,0
DA:821,0
DA:824,0
DA:825,0
DA:827,0
DA:828,0
DA:832,0
DA:833,0
DA:842,0
DA:851,0
DA:852,0
DA:863,0
DA:865,0
DA:866,0
DA:871,0
DA:872,0
DA:873,0
DA:876,0
DA:877,0
DA:880,0
DA:883,0
DA:884,0
DA:886,0
DA:892,0
DA:893,0
DA:895,0
DA:896,0
DA:897,0
DA:901,0
DA:902,0
DA:904,0
DA:905,0
DA:906,0
DA:909,0
DA:910,0
DA:911,0
DA:914,0
DA:915,0
DA:916,0
DA:917,0
DA:921,0
DA:922,0
DA:925,0
DA:926,0
DA:928,0
DA:929,0
DA:930,0
DA:932,0
DA:933,0
DA:934,0
DA:936,0
DA:937,0
DA:942,0
DA:944,0
DA:945,0
DA:946,0
DA:949,0
DA:950,0
DA:954,0
DA:957,0
DA:958,0
DA:961,0
DA:962,0
DA:965,0
DA:966,0
DA:967,0
DA:971,0
DA:973,0
DA:974,0
DA:977,0
DA:979,0
DA:980,0
DA:982,0
DA:983,0
DA:986,0
DA:987,0
DA:988,0
DA:992,0
DA:993,0
DA:995,0
DA:997,0
DA:998,0
DA:1002,0
DA:1003,0
DA:1004,0
DA:1006,0
DA:1007,0
DA:1010,0
DA:1011,0
DA:1013,0
DA:1014,0
DA:1015,0
DA:1017,0
DA:1018,0
DA:1027,0
DA:1029,0
DA:1030,0
DA:1031,0
DA:1032,0
DA:1033,0
DA:1034,0
DA:1036,0
DA:1037,0
DA:1038,0
DA:1045,0
DA:1046,0
DA:1047,0
DA:1048,0
DA:1049,0
DA:1055,0
DA:1059,0
DA:1062,0
DA:1063,0
DA:1067,0
DA:1068,0
DA:1069,0
DA:1071,0
DA:1072,0
DA:1073,0
DA:1075,0
DA:1079,0
DA:1080,0
DA:1084,0
DA:1085,0
DA:1087,0
DA:1089,0
DA:1092,0
DA:1096,0
DA:1099,0
DA:1100,0
DA:1103,0
DA:1104,0
DA:1105,0
DA:1106,0
DA:1108,0
DA:1110,0
DA:1115,0
DA:1120,0
DA:1121,0
DA:1124,0
DA:1125,0
DA:1128,0
DA:1129,0
DA:1132,0
DA:1133,0
DA:1136,0
DA:1137,0
DA:1138,0
DA:1139,0
DA:1141,0
DA:1145,0
DA:1146,0
DA:1150,0
DA:1151,0
DA:1152,0
DA:1153,0
DA:1155,0
DA:1157,0
DA:1161,0
DA:1162,0
DA:1166,0
DA:1167,0
DA:1168,0
DA:1173,0
DA:1174,0
DA:1175,0
DA:1176,0
DA:1178,0
DA:1180,0
DA:1185,0
DA:1187,0
DA:1188,0
DA:1190,0
DA:1192,0
DA:1193,0
DA:1194,0
LF:527
LH:0
BRDA:21,0,0,0
BRDA:21,0,1,0
BRDA:45,1,0,0
BRDA:45,1,1,0
BRDA:46,2,0,0
BRDA:46,2,1,0
BRDA:48,3,0,0
BRDA:48,3,1,0
BRDA:49,4,0,0
BRDA:49,4,1,0
BRDA:50,5,0,0
BRDA:50,5,1,0
BRDA:51,6,0,0
BRDA:51,6,1,0
BRDA:62,7,0,0
BRDA:62,7,1,0
BRDA:69,8,0,0
BRDA:69,8,1,0
BRDA:79,9,0,0
BRDA:79,9,1,0
BRDA:86,10,0,0
BRDA:86,10,1,0
BRDA:95,11,0,0
BRDA:95,11,1,0
BRDA:107,12,0,0
BRDA:107,12,1,0
BRDA:142,13,0,0
BRDA:142,13,1,0
BRDA:160,14,0,0
BRDA:160,14,1,0
BRDA:183,15,0,0
BRDA:183,15,1,0
BRDA:205,16,0,0
BRDA:205,16,1,0
BRDA:225,17,0,0
BRDA:225,17,1,0
BRDA:258,18,0,0
BRDA:258,18,1,0
BRDA:275,19,0,0
BRDA:275,19,1,0
BRDA:285,20,0,0
BRDA:285,20,1,0
BRDA:293,21,0,0
BRDA:293,21,1,0
BRDA:341,22,0,0
BRDA:341,22,1,0
BRDA:341,23,0,0
BRDA:341,23,1,0
BRDA:364,24,0,0
BRDA:364,24,1,0
BRDA:388,25,0,0
BRDA:388,25,1,0
BRDA:398,26,0,0
BRDA:398,26,1,0
BRDA:405,27,0,0
BRDA:405,27,1,0
BRDA:406,28,0,0
BRDA:406,28,1,0
BRDA:408,29,0,0
BRDA:408,29,1,0
BRDA:425,30,0,0
BRDA:425,30,1,0
BRDA:425,31,0,0
BRDA:425,31,1,0
BRDA:451,32,0,0
BRDA:451,32,1,0
BRDA:463,33,0,0
BRDA:463,33,1,0
BRDA:463,34,0,0
BRDA:463,34,1,0
BRDA:471,35,0,0
BRDA:471,35,1,0
BRDA:471,36,0,0
BRDA:471,36,1,0
BRDA:479,37,0,0
BRDA:479,37,1,0
BRDA:483,38,0,0
BRDA:483,38,1,0
BRDA:487,39,0,0
BRDA:487,39,1,0
BRDA:515,40,0,0
BRDA:515,40,1,0
BRDA:518,41,0,0
BRDA:518,41,1,0
BRDA:532,42,0,0
BRDA:532,42,1,0
BRDA:536,43,0,0
BRDA:536,43,1,0
BRDA:536,44,0,0
BRDA:536,44,1,0
BRDA:541,45,0,0
BRDA:541,45,1,0
BRDA:544,46,0,0
BRDA:544,46,1,0
BRDA:544,47,0,0
BRDA:544,47,1,0
BRDA:572,48,0,0
BRDA:572,48,1,0
BRDA:600,49,0,0
BRDA:600,49,1,0
BRDA:607,50,0,0
BRDA:607,50,1,0
BRDA:627,51,0,0
BRDA:627,51,1,0
BRDA:648,52,0,0
BRDA:648,52,1,0
BRDA:687,53,0,0
BRDA:687,53,1,0
BRDA:694,54,0,0
BRDA:694,54,1,0
BRDA:707,55,0,0
BRDA:707,55,1,0
BRDA:710,56,0,0
BRDA:710,56,1,0
BRDA:725,57,0,0
BRDA:725,57,1,0
BRDA:728,58,0,0
BRDA:728,58,1,0
BRDA:734,59,0,0
BRDA:734,59,1,0
BRDA:741,60,0,0
BRDA:741,60,1,0
BRDA:754,61,0,0
BRDA:754,61,1,0
BRDA:781,62,0,0
BRDA:781,62,1,0
BRDA:789,63,0,0
BRDA:789,63,1,0
BRDA:803,64,0,0
BRDA:803,64,1,0
BRDA:827,65,0,0
BRDA:827,65,1,0
BRDA:832,66,0,0
BRDA:832,66,1,0
BRDA:832,67,0,0
BRDA:832,67,1,0
BRDA:910,68,0,0
BRDA:910,68,1,0
BRDA:916,69,0,0
BRDA:916,69,1,0
BRDA:932,70,0,0
BRDA:932,70,1,0
BRDA:936,71,0,0
BRDA:936,71,1,0
BRDA:942,72,0,0
BRDA:942,72,1,0
BRDA:949,73,0,0
BRDA:949,73,1,0
BRDA:973,74,0,0
BRDA:973,74,1,0
BRDA:1006,75,0,0
BRDA:1006,75,1,0
BRDA:1017,76,0,0
BRDA:1017,76,1,0
BRDA:1029,77,0,0
BRDA:1029,77,1,0
BRDA:1036,78,0,0
BRDA:1036,78,1,0
BRDA:1037,79,0,0
BRDA:1037,79,1,0
BRDA:1038,80,0,0
BRDA:1038,80,1,0
BRDA:1046,81,0,0
BRDA:1046,81,1,0
BRDA:1071,82,0,0
BRDA:1071,82,1,0
BRDA:1103,83,0,0
BRDA:1103,83,1,0
BRDA:1103,84,0,0
BRDA:1103,84,1,0
BRDA:1105,85,0,0
BRDA:1105,85,1,0
BRDA:1175,86,0,0
BRDA:1175,86,1,0
BRDA:1187,87,0,0
BRDA:1187,87,1,0
BRDA:1192,88,0,0
BRDA:1192,88,1,0
BRDA:1193,89,0,0
BRDA:1193,89,1,0
BRF:180
BRH:0
end_of_record
TN:
SF:src/options.js
FN:61,initializeOptions
FN:93,setupEventListeners
FN:95,(anonymous_2)
FN:96,(anonymous_3)
FN:112,(anonymous_4)
FN:118,(anonymous_5)
FN:125,(anonymous_6)
FN:131,populateForm
FN:157,switchTab
FN:159,(anonymous_9)
FN:164,(anonymous_10)
FN:170,browseForInstallPath
FN:185,checkInstallation
FN:209,testRealmConnection
FN:235,installAddonFromGitHub
FN:285,parseGitHubUrl
FN:305,loadInstalledAddons
FN:321,renderAddonList
FN:334,(anonymous_18)
FN:353,checkForUpdates
FN:360,(anonymous_20)
FN:373,(anonymous_21)
FN:379,(anonymous_22)
FN:380,(anonymous_23)
FN:402,(anonymous_24)
FN:403,(anonymous_25)
FN:423,showUpdateAllButton
FN:437,updateSingleAddon
FN:453,(anonymous_28)
FN:470,updateAllAddons
FN:478,(anonymous_30)
FN:482,(anonymous_31)
FN:526,uninstallAddon
FN:547,saveOptions
FN:569,(anonymous_34)
FN:578,resetToDefaults
FN:606,updateInstallationStatus
FN:621,updateConnectionStatus
FN:635,showError
FN:639,showInfo
FN:650,updatePlatformInfo
FN:669,checkWineInstallation
FN:700,showWineInstallInstructions
FN:715,(anonymous_43)
FN:721,(anonymous_44)
FN:734,createWinePrefix
FN:763,suggestInstallPaths
FN:768,(anonymous_47)
FNF:48
FNH:0
FNDA:0,initializeOptions
FNDA:0,setupEventListeners
FNDA:0,(anonymous_2)
FNDA:0,(anonymous_3)
FNDA:0,(anonymous_4)
FNDA:0,(anonymous_5)
FNDA:0,(anonymous_6)
FNDA:0,populateForm
FNDA:0,switchTab
FNDA:0,(anonymous_9)
FNDA:0,(anonymous_10)
FNDA:0,browseForInstallPath
FNDA:0,checkInstallation
FNDA:0,testRealmConnection
FNDA:0,installAddonFromGitHub
FNDA:0,parseGitHubUrl
FNDA:0,loadInstalledAddons
FNDA:0,renderAddonList
FNDA:0,(anonymous_18)
FNDA:0,checkForUpdates
FNDA:0,(anonymous_20)
FNDA:0,(anonymous_21)
FNDA:0,(anonymous_22)
FNDA:0,(anonymous_23)
FNDA:0,(anonymous_24)
FNDA:0,(anonymous_25)
FNDA:0,showUpdateAllButton
FNDA:0,updateSingleAddon
FNDA:0,(anonymous_28)
FNDA:0,updateAllAddons
FNDA:0,(anonymous_30)
FNDA:0,(anonymous_31)
FNDA:0,uninstallAddon
FNDA:0,saveOptions
FNDA:0,(anonymous_34)
FNDA:0,resetToDefaults
FNDA:0,updateInstallationStatus
FNDA:0,updateConnectionStatus
FNDA:0,showError
FNDA:0,showInfo
FNDA:0,updatePlatformInfo
FNDA:0,checkWineInstallation
FNDA:0,showWineInstallInstructions
FNDA:0,(anonymous_43)
FNDA:0,(anonymous_44)
FNDA:0,createWinePrefix
FNDA:0,suggestInstallPaths
FNDA:0,(anonymous_47)
DA:2,0
DA:14,0
DA:62,0
DA:64,0
DA:65,0
DA:66,0
DA:69,0
DA:72,0
DA:73,0
DA:74,0
DA:78,0
DA:81,0
DA:84,0
DA:87,0
DA:88,0
DA:95,0
DA:96,0
DA:100,0
DA:101,0
DA:102,0
DA:105,0
DA:106,0
DA:107,0
DA:111,0
DA:112,0
DA:113,0
DA:117,0
DA:118,0
DA:119,0
DA:120,0
DA:125,0
DA:126,0
DA:127,0
DA:133,0
DA:134,0
DA:135,0
DA:138,0
DA:139,0
DA:140,0
DA:143,0
DA:144,0
DA:147,0
DA:148,0
DA:151,0
DA:152,0
DA:159,0
DA:160,0
DA:164,0
DA:165,0
DA:171,0
DA:172,0
DA:173,0
DA:174,0
DA:175,0
DA:176,0
DA:179,0
DA:180,0
DA:186,0
DA:187,0
DA:188,0
DA:191,0
DA:192,0
DA:194,0
DA:195,0
DA:197,0
DA:198,0
DA:199,0
DA:200,0
DA:203,0
DA:204,0
DA:210,0
DA:212,0
DA:213,0
DA:214,0
DA:217,0
DA:218,0
DA:219,0
DA:221,0
DA:223,0
DA:224,0
DA:226,0
DA:229,0
DA:230,0
DA:236,0
DA:238,0
DA:239,0
DA:240,0
DA:243,0
DA:244,0
DA:245,0
DA:248,0
DA:250,0
DA:251,0
DA:252,0
DA:253,0
DA:257,0
DA:258,0
DA:261,0
DA:267,0
DA:268,0
DA:269,0
DA:270,0
DA:272,0
DA:276,0
DA:277,0
DA:279,0
DA:280,0
DA:290,0
DA:291,0
DA:292,0
DA:296,0
DA:297,0
DA:298,0
DA:301,0
DA:306,0
DA:307,0
DA:310,0
DA:311,0
DA:312,0
DA:313,0
DA:315,0
DA:316,0
DA:322,0
DA:323,0
DA:331,0
DA:334,0
DA:354,0
DA:355,0
DA:356,0
DA:359,0
DA:360,0
DA:362,0
DA:363,0
DA:364,0
DA:368,0
DA:370,0
DA:372,0
DA:373,0
DA:375,0
DA:376,0
DA:379,0
DA:380,0
DA:381,0
DA:382,0
DA:383,0
DA:384,0
DA:385,0
DA:386,0
DA:387,0
DA:389,0
DA:390,0
DA:397,0
DA:399,0
DA:402,0
DA:403,0
DA:404,0
DA:405,0
DA:406,0
DA:407,0
DA:408,0
DA:414,0
DA:417,0
DA:418,0
DA:424,0
DA:425,0
DA:426,0
DA:427,0
DA:428,0
DA:429,0
DA:430,0
DA:431,0
DA:432,0
DA:438,0
DA:439,0
DA:441,0
DA:442,0
DA:443,0
DA:445,0
DA:446,0
DA:448,0
DA:449,0
DA:450,0
DA:453,0
DA:454,0
DA:457,0
DA:458,0
DA:459,0
DA:462,0
DA:463,0
DA:464,0
DA:465,0
DA:471,0
DA:472,0
DA:474,0
DA:475,0
DA:477,0
DA:478,0
DA:479,0
DA:481,0
DA:482,0
DA:484,0
DA:485,0
DA:487,0
DA:488,0
DA:489,0
DA:490,0
DA:491,0
DA:493,0
DA:496,0
DA:497,0
DA:501,0
DA:502,0
DA:504,0
DA:508,0
DA:511,0
DA:513,0
DA:514,0
DA:515,0
DA:518,0
DA:519,0
DA:520,0
DA:521,0
DA:527,0
DA:528,0
DA:531,0
DA:532,0
DA:534,0
DA:535,0
DA:536,0
DA:538,0
DA:541,0
DA:542,0
DA:548,0
DA:549,0
DA:565,0
DA:566,0
DA:569,0
DA:572,0
DA:573,0
DA:579,0
DA:580,0
DA:583,0
DA:585,0
DA:586,0
DA:587,0
DA:588,0
DA:589,0
DA:590,0
DA:591,0
DA:592,0
DA:595,0
DA:597,0
DA:600,0
DA:601,0
DA:607,0
DA:614,0
DA:615,0
DA:622,0
DA:628,0
DA:629,0
DA:636,0
DA:640,0
DA:644,0
DA:647,0
DA:651,0
DA:653,0
DA:657,0
DA:658,0
DA:660,0
DA:661,0
DA:662,0
DA:665,0
DA:666,0
DA:670,0
DA:671,0
DA:673,0
DA:674,0
DA:675,0
DA:679,0
DA:680,0
DA:682,0
DA:683,0
DA:684,0
DA:687,0
DA:688,0
DA:692,0
DA:693,0
DA:696,0
DA:701,0
DA:702,0
DA:703,0
DA:705,0
DA:706,0
DA:707,0
DA:709,0
DA:710,0
DA:713,0
DA:715,0
DA:716,0
DA:717,0
DA:718,0
DA:719,0
DA:720,0
DA:721,0
DA:722,0
DA:725,0
DA:728,0
DA:730,0
DA:735,0
DA:736,0
DA:737,0
DA:740,0
DA:741,0
DA:744,0
DA:745,0
DA:746,0
DA:748,0
DA:750,0
DA:751,0
DA:753,0
DA:756,0
DA:758,0
DA:759,0
DA:764,0
DA:765,0
DA:767,0
DA:768,0
DA:769,0
DA:772,0
DA:774,0
LF:330
LH:0
BRDA:72,0,0,0
BRDA:72,0,1,0
BRDA:105,1,0,0
BRDA:105,1,1,0
BRDA:119,2,0,0
BRDA:119,2,1,0
BRDA:133,3,0,0
BRDA:133,3,1,0
BRDA:133,3,2,0
BRDA:134,4,0,0
BRDA:134,4,1,0
BRDA:135,5,0,0
BRDA:135,5,1,0
BRDA:138,6,0,0
BRDA:138,6,1,0
BRDA:138,6,2,0
BRDA:139,7,0,0
BRDA:139,7,1,0
BRDA:139,7,2,0
BRDA:140,8,0,0
BRDA:140,8,1,0
BRDA:140,8,2,0
BRDA:143,9,0,0
BRDA:143,9,1,0
BRDA:144,10,0,0
BRDA:144,10,1,0
BRDA:151,11,0,0
BRDA:151,11,1,0
BRDA:173,12,0,0
BRDA:173,12,1,0
BRDA:186,13,0,0
BRDA:186,13,1,0
BRDA:194,14,0,0
BRDA:194,14,1,0
BRDA:198,15,0,0
BRDA:198,15,1,0
BRDA:199,16,0,0
BRDA:199,16,1,0
BRDA:212,17,0,0
BRDA:212,17,1,0
BRDA:223,18,0,0
BRDA:223,18,1,0
BRDA:238,19,0,0
BRDA:238,19,1,0
BRDA:243,20,0,0
BRDA:243,20,1,0
BRDA:251,21,0,0
BRDA:251,21,1,0
BRDA:267,22,0,0
BRDA:267,22,1,0
BRDA:291,23,0,0
BRDA:291,23,1,0
BRDA:297,24,0,0
BRDA:297,24,1,0
BRDA:306,25,0,0
BRDA:306,25,1,0
BRDA:322,26,0,0
BRDA:322,26,1,0
BRDA:322,27,0,0
BRDA:322,27,1,0
BRDA:339,28,0,0
BRDA:339,28,1,0
BRDA:340,29,0,0
BRDA:340,29,1,0
BRDA:345,30,0,0
BRDA:345,30,1,0
BRDA:354,31,0,0
BRDA:354,31,1,0
BRDA:362,32,0,0
BRDA:362,32,1,0
BRDA:372,33,0,0
BRDA:372,33,1,0
BRDA:375,34,0,0
BRDA:375,34,1,0
BRDA:381,35,0,0
BRDA:381,35,1,0
BRDA:383,36,0,0
BRDA:383,36,1,0
BRDA:384,37,0,0
BRDA:384,37,1,0
BRDA:404,38,0,0
BRDA:404,38,1,0
BRDA:406,39,0,0
BRDA:406,39,1,0
BRDA:425,40,0,0
BRDA:425,40,1,0
BRDA:425,41,0,0
BRDA:425,41,1,0
BRDA:439,42,0,0
BRDA:439,42,1,0
BRDA:448,43,0,0
BRDA:448,43,1,0
BRDA:472,44,0,0
BRDA:472,44,1,0
BRDA:481,45,0,0
BRDA:481,45,1,0
BRDA:490,46,0,0
BRDA:490,46,1,0
BRDA:501,47,0,0
BRDA:501,47,1,0
BRDA:502,48,0,0
BRDA:502,48,1,0
BRDA:527,49,0,0
BRDA:527,49,1,0
BRDA:534,50,0,0
BRDA:534,50,1,0
BRDA:579,51,0,0
BRDA:579,51,1,0
BRDA:588,52,0,0
BRDA:588,52,1,0
BRDA:589,53,0,0
BRDA:589,53,1,0
BRDA:590,54,0,0
BRDA:590,54,1,0
BRDA:616,55,0,0
BRDA:616,55,1,0
BRDA:630,56,0,0
BRDA:630,56,1,0
BRDA:653,57,0,0
BRDA:653,57,1,0
BRDA:654,58,0,0
BRDA:654,58,1,0
BRDA:655,59,0,0
BRDA:655,59,1,0
BRDA:660,60,0,0
BRDA:660,60,1,0
BRDA:673,61,0,0
BRDA:673,61,1,0
BRDA:682,62,0,0
BRDA:682,62,1,0
BRDA:684,63,0,0
BRDA:684,63,1,0
BRDA:703,64,0,0
BRDA:703,64,1,0
BRDA:709,65,0,0
BRDA:709,65,1,0
BRDA:717,66,0,0
BRDA:717,66,1,0
BRDA:718,67,0,0
BRDA:718,67,1,0
BRDA:719,68,0,0
BRDA:719,68,1,0
BRDA:735,69,0,0
BRDA:735,69,1,0
BRDA:740,70,0,0
BRDA:740,70,1,0
BRDA:750,71,0,0
BRDA:750,71,1,0
BRF:148
BRH:0
end_of_record
TN:
SF:src/platform-manager.js
FN:11,(anonymous_0)
FN:22,(anonymous_1)
FN:34,(anonymous_2)
FN:44,(anonymous_3)
FN:78,(anonymous_4)
FN:129,(anonymous_5)
FN:139,(anonymous_6)
FN:154,(anonymous_7)
FN:178,(anonymous_8)
FN:208,(anonymous_9)
FN:216,(anonymous_10)
FN:233,(anonymous_11)
FN:288,(anonymous_12)
FN:328,(anonymous_13)
FN:362,(anonymous_14)
FN:379,(anonymous_15)
FN:380,(anonymous_16)
FN:414,(anonymous_17)
FN:473,(anonymous_18)
FN:494,(anonymous_19)
FN:518,(anonymous_20)
FN:523,(anonymous_21)
FNF:22
FNH:0
FNDA:0,(anonymous_0)
FNDA:0,(anonymous_1)
FNDA:0,(anonymous_2)
FNDA:0,(anonymous_3)
FNDA:0,(anonymous_4)
FNDA:0,(anonymous_5)
FNDA:0,(anonymous_6)
FNDA:0,(anonymous_7)
FNDA:0,(anonymous_8)
FNDA:0,(anonymous_9)
FNDA:0,(anonymous_10)
FNDA:0,(anonymous_11)
FNDA:0,(anonymous_12)
FNDA:0,(anonymous_13)
FNDA:0,(anonymous_14)
FNDA:0,(anonymous_15)
FNDA:0,(anonymous_16)
FNDA:0,(anonymous_17)
FNDA:0,(anonymous_18)
FNDA:0,(anonymous_19)
FNDA:0,(anonymous_20)
FNDA:0,(anonymous_21)
DA:1,0
DA:2,0
DA:3,0
DA:4,0
DA:5,0
DA:7,0
DA:12,0
DA:13,0
DA:14,0
DA:15,0
DA:16,0
DA:17,0
DA:18,0
DA:23,0
DA:35,0
DA:36,0
DA:37,0
DA:38,0
DA:39,0
DA:45,0
DA:47,0
DA:49,0
DA:56,0
DA:65,0
DA:73,0
DA:79,0
DA:80,0
DA:83,0
DA:91,0
DA:92,0
DA:97,0
DA:98,0
DA:99,0
DA:110,0
DA:111,0
DA:112,0
DA:113,0
DA:114,0
DA:126,0
DA:130,0
DA:131,0
DA:132,0
DA:134,0
DA:140,0
DA:142,0
DA:143,0
DA:145,0
DA:146,0
DA:147,0
DA:148,0
DA:151,0
DA:155,0
DA:157,0
DA:158,0
DA:159,0
DA:162,0
DA:164,0
DA:169,0
DA:171,0
DA:173,0
DA:174,0
DA:179,0
DA:187,0
DA:188,0
DA:190,0
DA:191,0
DA:192,0
DA:193,0
DA:198,0
DA:203,0
DA:209,0
DA:210,0
DA:212,0
DA:217,0
DA:219,0
DA:220,0
DA:223,0
DA:229,0
DA:230,0
DA:234,0
DA:235,0
DA:236,0
DA:239,0
DA:240,0
DA:241,0
DA:245,0
DA:248,0
DA:249,0
DA:253,0
DA:261,0
DA:262,0
DA:264,0
DA:265,0
DA:267,0
DA:268,0
DA:269,0
DA:272,0
DA:273,0
DA:280,0
DA:281,0
DA:283,0
DA:289,0
DA:290,0
DA:292,0
DA:298,0
DA:299,0
DA:308,0
DA:309,0
DA:311,0
DA:312,0
DA:318,0
DA:329,0
DA:330,0
DA:331,0
DA:334,0
DA:336,0
DA:338,0
DA:340,0
DA:341,0
DA:342,0
DA:343,0
DA:345,0
DA:348,0
DA:349,0
DA:351,0
DA:352,0
DA:353,0
DA:363,0
DA:365,0
DA:367,0
DA:368,0
DA:369,0
DA:370,0
DA:373,0
DA:375,0
DA:379,0
DA:380,0
DA:381,0
DA:382,0
DA:384,0
DA:389,0
DA:390,0
DA:393,0
DA:394,0
DA:396,0
DA:398,0
DA:405,0
DA:415,0
DA:416,0
DA:418,0
DA:421,0
DA:424,0
DA:425,0
DA:426,0
DA:427,0
DA:430,0
DA:431,0
DA:434,0
DA:435,0
DA:438,0
DA:439,0
DA:441,0
DA:444,0
DA:445,0
DA:448,0
DA:449,0
DA:450,0
DA:452,0
DA:455,0
DA:457,0
DA:464,0
DA:474,0
DA:481,0
DA:482,0
DA:483,0
DA:484,0
DA:486,0
DA:490,0
DA:497,0
DA:499,0
DA:500,0
DA:502,0
DA:503,0
DA:505,0
DA:506,0
DA:508,0
DA:509,0
DA:511,0
DA:514,0
DA:519,0
DA:524,0
DA:526,0
DA:527,0
DA:546,0
DA:547,0
DA:563,0
DA:567,0
LF:197
LH:0
BRDA:35,0,0,0
BRDA:35,0,1,0
BRDA:35,0,2,0
BRDA:35,0,3,0
BRDA:47,1,0,0
BRDA:47,1,1,0
BRDA:47,1,2,0
BRDA:47,1,3,0
BRDA:79,2,0,0
BRDA:79,2,1,0
BRDA:91,3,0,0
BRDA:91,3,1,0
BRDA:98,4,0,0
BRDA:98,4,1,0
BRDA:113,5,0,0
BRDA:113,5,1,0
BRDA:140,6,0,0
BRDA:140,6,1,0
BRDA:145,7,0,0
BRDA:145,7,1,0
BRDA:147,8,0,0
BRDA:147,8,1,0
BRDA:155,9,0,0
BRDA:155,9,1,0
BRDA:155,10,0,0
BRDA:155,10,1,0
BRDA:158,11,0,0
BRDA:158,11,1,0
BRDA:208,12,0,0
BRDA:209,13,0,0
BRDA:209,13,1,0
BRDA:219,14,0,0
BRDA:219,14,1,0
BRDA:235,15,0,0
BRDA:235,15,1,0
BRDA:240,16,0,0
BRDA:240,16,1,0
BRDA:245,17,0,0
BRDA:245,17,1,0
BRDA:248,18,0,0
BRDA:248,18,1,0
BRDA:248,19,0,0
BRDA:248,19,1,0
BRDA:261,20,0,0
BRDA:261,20,1,0
BRDA:265,21,0,0
BRDA:265,21,1,0
BRDA:298,22,0,0
BRDA:298,22,1,0
BRDA:301,23,0,0
BRDA:301,23,1,0
BRDA:311,24,0,0
BRDA:311,24,1,0
BRDA:312,25,0,0
BRDA:312,25,1,0
BRDA:320,26,0,0
BRDA:320,26,1,0
BRDA:320,26,2,0
BRDA:328,27,0,0
BRDA:329,28,0,0
BRDA:329,28,1,0
BRDA:330,29,0,0
BRDA:330,29,1,0
BRDA:336,30,0,0
BRDA:336,30,1,0
BRDA:340,31,0,0
BRDA:340,31,1,0
BRDA:342,32,0,0
BRDA:342,32,1,0
BRDA:362,33,0,0
BRDA:365,34,0,0
BRDA:365,34,1,0
BRDA:373,35,0,0
BRDA:373,35,1,0
BRDA:381,36,0,0
BRDA:381,36,1,0
BRDA:389,37,0,0
BRDA:389,37,1,0
BRDA:393,38,0,0
BRDA:393,38,1,0
BRDA:396,39,0,0
BRDA:396,39,1,0
BRDA:414,40,0,0
BRDA:418,41,0,0
BRDA:418,41,1,0
BRDA:421,42,0,0
BRDA:421,42,1,0
BRDA:421,42,2,0
BRDA:421,42,3,0
BRDA:421,42,4,0
BRDA:425,43,0,0
BRDA:425,43,1,0
BRDA:444,44,0,0
BRDA:444,44,1,0
BRDA:448,45,0,0
BRDA:448,45,1,0
BRDA:455,46,0,0
BRDA:455,46,1,0
BRDA:497,47,0,0
BRDA:497,47,1,0
BRDA:497,47,2,0
BRDA:497,47,3,0
BRDA:497,47,4,0
BRDA:519,48,0,0
BRDA:519,48,1,0
BRDA:524,49,0,0
BRDA:524,49,1,0
BRDA:526,50,0,0
BRDA:526,50,1,0
BRDA:546,51,0,0
BRDA:546,51,1,0
BRF:111
BRH:0
end_of_record
